[ 2020-04-14T13:43:09+08:00 ] 127.0.0.1 /index.php/Admin/Public/login.html
INFO: [ app_init ] --START--
INFO: Run Behavior\BuildLiteBehavior [ RunTime:0.000007s ]
INFO: [ app_init ] --END-- [ RunTime:0.000328s ]
INFO: [ app_begin ] --START--
INFO: Run Behavior\ReadHtmlCacheBehavior [ RunTime:0.000515s ]
INFO: [ app_begin ] --END-- [ RunTime:0.000547s ]
INFO: [ view_parse ] --START--
INFO: [ template_filter ] --START--
INFO: Run Behavior\ContentReplaceBehavior [ RunTime:0.003331s ]
INFO: [ template_filter ] --END-- [ RunTime:0.003361s ]
INFO: Run Behavior\ParseTemplateBehavior [ RunTime:0.009236s ]
INFO: [ view_parse ] --END-- [ RunTime:0.009271s ]
INFO: [ view_filter ] --START--
INFO: Run Behavior\WriteHtmlCacheBehavior [ RunTime:0.000515s ]
INFO: [ view_filter ] --END-- [ RunTime:0.000546s ]
INFO: [ app_end ] --START--
INFO: Run Behavior\ShowPageTraceBehavior [ RunTime:0.000395s ]
INFO: [ app_end ] --END-- [ RunTime:0.000410s ]

[ 2020-04-14T13:43:09+08:00 ] 127.0.0.1 /index.php/Admin/Public/verify.html
INFO: [ app_init ] --START--
INFO: Run Behavior\BuildLiteBehavior [ RunTime:0.000009s ]
INFO: [ app_init ] --END-- [ RunTime:0.000251s ]
INFO: [ app_begin ] --START--
INFO: Run Behavior\ReadHtmlCacheBehavior [ RunTime:0.000502s ]
INFO: [ app_begin ] --END-- [ RunTime:0.000525s ]
INFO: [ app_end ] --START--
INFO: Run Behavior\ShowPageTraceBehavior [ RunTime:0.000522s ]
INFO: [ app_end ] --END-- [ RunTime:0.000560s ]

[ 2020-04-14T13:43:54+08:00 ] 127.0.0.1 /index.php/Admin/Public/checkLogin.html
INFO: [ app_init ] --START--
INFO: Run Behavior\BuildLiteBehavior [ RunTime:0.000004s ]
INFO: [ app_init ] --END-- [ RunTime:0.000191s ]
INFO: [ app_begin ] --START--
INFO: Run Behavior\ReadHtmlCacheBehavior [ RunTime:0.000271s ]
INFO: [ app_begin ] --END-- [ RunTime:0.000284s ]
SQL: SHOW COLUMNS FROM `nav_admin` [ RunTime:0.0137s ]
SQL: SELECT * FROM `nav_admin` WHERE `username` = 'mr' LIMIT 1   [ RunTime:0.0002s ]

[ 2020-04-14T13:43:55+08:00 ] 127.0.0.1 /index.php/Admin/Index/index.html
INFO: [ app_init ] --START--
INFO: Run Behavior\BuildLiteBehavior [ RunTime:0.000005s ]
INFO: [ app_init ] --END-- [ RunTime:0.000194s ]
INFO: [ app_begin ] --START--
INFO: Run Behavior\ReadHtmlCacheBehavior [ RunTime:0.000277s ]
INFO: [ app_begin ] --END-- [ RunTime:0.000291s ]

[ 2020-04-14T13:43:56+08:00 ] 127.0.0.1 /index.php/Admin/Datalist/lists.html
INFO: [ app_init ] --START--
INFO: Run Behavior\BuildLiteBehavior [ RunTime:0.000004s ]
INFO: [ app_init ] --END-- [ RunTime:0.000207s ]
INFO: [ app_begin ] --START--
INFO: Run Behavior\ReadHtmlCacheBehavior [ RunTime:0.000464s ]
INFO: [ app_begin ] --END-- [ RunTime:0.000510s ]
SQL: SHOW COLUMNS FROM `nav_datalist` [ RunTime:0.0141s ]
NOTIC: [8] Undefined variable: map D:\phptool\myphp_www\PHPTutorial\WWW\CodeNow\hao365\Application\Admin\Controller\DatalistController.class.php 第 16 行.
SQL: SELECT COUNT(*) AS tp_count FROM `nav_datalist` LIMIT 1   [ RunTime:0.0031s ]
NOTIC: [8] Undefined variable: map D:\phptool\myphp_www\PHPTutorial\WWW\CodeNow\hao365\Application\Admin\Controller\DatalistController.class.php 第 20 行.
SQL: SELECT * FROM `nav_datalist` ORDER BY sort desc LIMIT 0,10   [ RunTime:0.0004s ]
INFO: [ view_parse ] --START--
NOTIC: [2] file_get_contents(./Application/Admin/View/Common/admin/footer.html): failed to open stream: No such file or directory D:\phptool\myphp_www\PHPTutorial\WWW\CodeNow\hao365\ThinkPHP\Library\Think\Template.class.php 第 696 行.
INFO: [ template_filter ] --START--
INFO: Run Behavior\ContentReplaceBehavior [ RunTime:0.000038s ]
INFO: [ template_filter ] --END-- [ RunTime:0.000052s ]
NOTIC: [8] Undefined variable: keyword D:\phptool\myphp_www\PHPTutorial\WWW\CodeNow\hao365\Application\Runtime\Cache\Admin\2bccd9d07dc58baf32219c8a927dec8f.php 第 141 行.
NOTIC: [8] Undefined index: p D:\phptool\myphp_www\PHPTutorial\WWW\CodeNow\hao365\Application\Runtime\Cache\Admin\2bccd9d07dc58baf32219c8a927dec8f.php 第 152 行.
NOTIC: [8] Undefined index: entity_id D:\phptool\myphp_www\PHPTutorial\WWW\CodeNow\hao365\Application\Runtime\Cache\Admin\2bccd9d07dc58baf32219c8a927dec8f.php 第 173 行.
NOTIC: [8] Undefined index: entity_id D:\phptool\myphp_www\PHPTutorial\WWW\CodeNow\hao365\Application\Runtime\Cache\Admin\2bccd9d07dc58baf32219c8a927dec8f.php 第 174 行.
SQL: SELECT * FROM `nav_datalist` WHERE `id` = 97 LIMIT 1   [ RunTime:0.0003s ]
SQL: SHOW COLUMNS FROM `nav_middle_level` [ RunTime:0.0035s ]
SQL: SELECT `id`,`high_id`,`middle_name` FROM `nav_middle_level` WHERE `id` = 17 LIMIT 1   [ RunTime:0.0002s ]
SQL: SHOW COLUMNS FROM `nav_high_level` [ RunTime:0.0034s ]
SQL: SELECT `high_name` FROM `nav_high_level` WHERE `id` = 15 LIMIT 1   [ RunTime:0.0002s ]
SQL: SHOW COLUMNS FROM `nav_elementary_level` [ RunTime:0.0041s ]
SQL: SELECT `elementary_name` FROM `nav_elementary_level` WHERE `id` = 22 LIMIT 1   [ RunTime:0.0002s ]
NOTIC: [8] Undefined index: entity_id D:\phptool\myphp_www\PHPTutorial\WWW\CodeNow\hao365\Application\Runtime\Cache\Admin\2bccd9d07dc58baf32219c8a927dec8f.php 第 173 行.
NOTIC: [8] Undefined index: entity_id D:\phptool\myphp_www\PHPTutorial\WWW\CodeNow\hao365\Application\Runtime\Cache\Admin\2bccd9d07dc58baf32219c8a927dec8f.php 第 174 行.
SQL: SELECT * FROM `nav_datalist` WHERE `id` = 91 LIMIT 1   [ RunTime:0.0002s ]
SQL: SELECT `high_name` FROM `nav_high_level` WHERE `id` = 16 LIMIT 1   [ RunTime:0.0001s ]
NOTIC: [8] Undefined index: entity_id D:\phptool\myphp_www\PHPTutorial\WWW\CodeNow\hao365\Application\Runtime\Cache\Admin\2bccd9d07dc58baf32219c8a927dec8f.php 第 173 行.
NOTIC: [8] Undefined index: entity_id D:\phptool\myphp_www\PHPTutorial\WWW\CodeNow\hao365\Application\Runtime\Cache\Admin\2bccd9d07dc58baf32219c8a927dec8f.php 第 174 行.
SQL: SELECT * FROM `nav_datalist` WHERE `id` = 93 LIMIT 1   [ RunTime:0.0002s ]
SQL: SELECT `id`,`high_id`,`middle_name` FROM `nav_middle_level` WHERE `id` = 22 LIMIT 1   [ RunTime:0.0002s ]
SQL: SELECT `high_name` FROM `nav_high_level` WHERE `id` = 15 LIMIT 1   [ RunTime:0.0003s ]
SQL: SELECT `elementary_name` FROM `nav_elementary_level` WHERE `id` = 25 LIMIT 1   [ RunTime:0.0002s ]
NOTIC: [8] Undefined index: entity_id D:\phptool\myphp_www\PHPTutorial\WWW\CodeNow\hao365\Application\Runtime\Cache\Admin\2bccd9d07dc58baf32219c8a927dec8f.php 第 173 行.
NOTIC: [8] Undefined index: entity_id D:\phptool\myphp_www\PHPTutorial\WWW\CodeNow\hao365\Application\Runtime\Cache\Admin\2bccd9d07dc58baf32219c8a927dec8f.php 第 174 行.
SQL: SELECT * FROM `nav_datalist` WHERE `id` = 94 LIMIT 1   [ RunTime:0.0002s ]
SQL: SELECT `id`,`high_id`,`middle_name` FROM `nav_middle_level` WHERE `id` = 22 LIMIT 1   [ RunTime:0.0002s ]
SQL: SELECT `high_name` FROM `nav_high_level` WHERE `id` = 15 LIMIT 1   [ RunTime:0.0002s ]
SQL: SELECT `elementary_name` FROM `nav_elementary_level` WHERE `id` = 25 LIMIT 1   [ RunTime:0.0002s ]
NOTIC: [8] Undefined index: entity_id D:\phptool\myphp_www\PHPTutorial\WWW\CodeNow\hao365\Application\Runtime\Cache\Admin\2bccd9d07dc58baf32219c8a927dec8f.php 第 173 行.
NOTIC: [8] Undefined index: entity_id D:\phptool\myphp_www\PHPTutorial\WWW\CodeNow\hao365\Application\Runtime\Cache\Admin\2bccd9d07dc58baf32219c8a927dec8f.php 第 174 行.
SQL: SELECT * FROM `nav_datalist` WHERE `id` = 9 LIMIT 1   [ RunTime:0.0002s ]
SQL: SELECT `id`,`high_id`,`middle_name` FROM `nav_middle_level` WHERE `id` = 17 LIMIT 1   [ RunTime:0.0002s ]
SQL: SELECT `high_name` FROM `nav_high_level` WHERE `id` = 15 LIMIT 1   [ RunTime:0.0002s ]
SQL: SELECT `elementary_name` FROM `nav_elementary_level` WHERE `id` = 21 LIMIT 1   [ RunTime:0.0002s ]
NOTIC: [8] Undefined index: entity_id D:\phptool\myphp_www\PHPTutorial\WWW\CodeNow\hao365\Application\Runtime\Cache\Admin\2bccd9d07dc58baf32219c8a927dec8f.php 第 173 行.
NOTIC: [8] Undefined index: entity_id D:\phptool\myphp_www\PHPTutorial\WWW\CodeNow\hao365\Application\Runtime\Cache\Admin\2bccd9d07dc58baf32219c8a927dec8f.php 第 174 行.
SQL: SELECT * FROM `nav_datalist` WHERE `id` = 90 LIMIT 1   [ RunTime:0.0002s ]
SQL: SELECT `id`,`high_id`,`middle_name` FROM `nav_middle_level` WHERE `id` = 17 LIMIT 1   [ RunTime:0.0002s ]
SQL: SELECT `high_name` FROM `nav_high_level` WHERE `id` = 15 LIMIT 1   [ RunTime:0.0001s ]
SQL: SELECT `elementary_name` FROM `nav_elementary_level` WHERE `id` = 22 LIMIT 1   [ RunTime:0.0001s ]
NOTIC: [8] Undefined index: entity_id D:\phptool\myphp_www\PHPTutorial\WWW\CodeNow\hao365\Application\Runtime\Cache\Admin\2bccd9d07dc58baf32219c8a927dec8f.php 第 173 行.
NOTIC: [8] Undefined index: entity_id D:\phptool\myphp_www\PHPTutorial\WWW\CodeNow\hao365\Application\Runtime\Cache\Admin\2bccd9d07dc58baf32219c8a927dec8f.php 第 174 行.
SQL: SELECT * FROM `nav_datalist` WHERE `id` = 92 LIMIT 1   [ RunTime:0.0002s ]
SQL: SELECT `id`,`high_id`,`middle_name` FROM `nav_middle_level` WHERE `id` = 22 LIMIT 1   [ RunTime:0.0001s ]
SQL: SELECT `high_name` FROM `nav_high_level` WHERE `id` = 15 LIMIT 1   [ RunTime:0.0001s ]
SQL: SELECT `elementary_name` FROM `nav_elementary_level` WHERE `id` = 24 LIMIT 1   [ RunTime:0.0001s ]
NOTIC: [8] Undefined index: entity_id D:\phptool\myphp_www\PHPTutorial\WWW\CodeNow\hao365\Application\Runtime\Cache\Admin\2bccd9d07dc58baf32219c8a927dec8f.php 第 173 行.
NOTIC: [8] Undefined index: entity_id D:\phptool\myphp_www\PHPTutorial\WWW\CodeNow\hao365\Application\Runtime\Cache\Admin\2bccd9d07dc58baf32219c8a927dec8f.php 第 174 行.
SQL: SELECT * FROM `nav_datalist` WHERE `id` = 8 LIMIT 1   [ RunTime:0.0002s ]
SQL: SELECT `id`,`high_id`,`middle_name` FROM `nav_middle_level` WHERE `id` = 17 LIMIT 1   [ RunTime:0.0002s ]
SQL: SELECT `high_name` FROM `nav_high_level` WHERE `id` = 15 LIMIT 1   [ RunTime:0.0001s ]
SQL: SELECT `elementary_name` FROM `nav_elementary_level` WHERE `id` = 21 LIMIT 1   [ RunTime:0.0001s ]
NOTIC: [8] Undefined index: entity_id D:\phptool\myphp_www\PHPTutorial\WWW\CodeNow\hao365\Application\Runtime\Cache\Admin\2bccd9d07dc58baf32219c8a927dec8f.php 第 173 行.
NOTIC: [8] Undefined index: entity_id D:\phptool\myphp_www\PHPTutorial\WWW\CodeNow\hao365\Application\Runtime\Cache\Admin\2bccd9d07dc58baf32219c8a927dec8f.php 第 174 行.
SQL: SELECT * FROM `nav_datalist` WHERE `id` = 96 LIMIT 1   [ RunTime:0.0002s ]
SQL: SELECT `high_name` FROM `nav_high_level` WHERE `id` = 15 LIMIT 1   [ RunTime:0.0002s ]
INFO: Run Behavior\ParseTemplateBehavior [ RunTime:0.025217s ]
INFO: [ view_parse ] --END-- [ RunTime:0.025231s ]
INFO: [ view_filter ] --START--
INFO: Run Behavior\WriteHtmlCacheBehavior [ RunTime:0.000291s ]
INFO: [ view_filter ] --END-- [ RunTime:0.000302s ]
INFO: [ app_end ] --START--
INFO: Run Behavior\ShowPageTraceBehavior [ RunTime:0.000546s ]
INFO: [ app_end ] --END-- [ RunTime:0.000562s ]

[ 2020-04-14T13:44:02+08:00 ] 127.0.0.1 /index.php/Admin/HighLevel/lists.html
INFO: [ app_init ] --START--
INFO: Run Behavior\BuildLiteBehavior [ RunTime:0.000004s ]
INFO: [ app_init ] --END-- [ RunTime:0.000192s ]
INFO: [ app_begin ] --START--
INFO: Run Behavior\ReadHtmlCacheBehavior [ RunTime:0.001890s ]
INFO: [ app_begin ] --END-- [ RunTime:0.001906s ]
SQL: SHOW COLUMNS FROM `nav_high_level` [ RunTime:0.0035s ]
SQL: SELECT COUNT(*) AS tp_count FROM `nav_high_level` LIMIT 1   [ RunTime:0.0002s ]
NOTIC: [8] Undefined variable: map D:\phptool\myphp_www\PHPTutorial\WWW\CodeNow\hao365\Application\Admin\Controller\HighLevelController.class.php 第 21 行.
SQL: SELECT * FROM `nav_high_level` ORDER BY sort desc LIMIT 0,10   [ RunTime:0.0004s ]
INFO: [ view_parse ] --START--
NOTIC: [2] file_get_contents(./Application/Admin/View/Common/admin/footer.html): failed to open stream: No such file or directory D:\phptool\myphp_www\PHPTutorial\WWW\CodeNow\hao365\ThinkPHP\Library\Think\Template.class.php 第 696 行.
INFO: [ template_filter ] --START--
INFO: Run Behavior\ContentReplaceBehavior [ RunTime:0.000040s ]
INFO: [ template_filter ] --END-- [ RunTime:0.000054s ]
NOTIC: [8] Undefined variable: keyword D:\phptool\myphp_www\PHPTutorial\WWW\CodeNow\hao365\Application\Runtime\Cache\Admin\9c2beb313b914c6391b3fbbcdfe3fff0.php 第 141 行.
NOTIC: [8] Undefined index: p D:\phptool\myphp_www\PHPTutorial\WWW\CodeNow\hao365\Application\Runtime\Cache\Admin\9c2beb313b914c6391b3fbbcdfe3fff0.php 第 152 行.
NOTIC: [8] Undefined index: entity_id D:\phptool\myphp_www\PHPTutorial\WWW\CodeNow\hao365\Application\Runtime\Cache\Admin\9c2beb313b914c6391b3fbbcdfe3fff0.php 第 172 行.
NOTIC: [8] Undefined index: entity_id D:\phptool\myphp_www\PHPTutorial\WWW\CodeNow\hao365\Application\Runtime\Cache\Admin\9c2beb313b914c6391b3fbbcdfe3fff0.php 第 173 行.
NOTIC: [8] Undefined index: entity_id D:\phptool\myphp_www\PHPTutorial\WWW\CodeNow\hao365\Application\Runtime\Cache\Admin\9c2beb313b914c6391b3fbbcdfe3fff0.php 第 172 行.
NOTIC: [8] Undefined index: entity_id D:\phptool\myphp_www\PHPTutorial\WWW\CodeNow\hao365\Application\Runtime\Cache\Admin\9c2beb313b914c6391b3fbbcdfe3fff0.php 第 173 行.
NOTIC: [8] Undefined index: entity_id D:\phptool\myphp_www\PHPTutorial\WWW\CodeNow\hao365\Application\Runtime\Cache\Admin\9c2beb313b914c6391b3fbbcdfe3fff0.php 第 172 行.
NOTIC: [8] Undefined index: entity_id D:\phptool\myphp_www\PHPTutorial\WWW\CodeNow\hao365\Application\Runtime\Cache\Admin\9c2beb313b914c6391b3fbbcdfe3fff0.php 第 173 行.
NOTIC: [8] Undefined index: entity_id D:\phptool\myphp_www\PHPTutorial\WWW\CodeNow\hao365\Application\Runtime\Cache\Admin\9c2beb313b914c6391b3fbbcdfe3fff0.php 第 172 行.
NOTIC: [8] Undefined index: entity_id D:\phptool\myphp_www\PHPTutorial\WWW\CodeNow\hao365\Application\Runtime\Cache\Admin\9c2beb313b914c6391b3fbbcdfe3fff0.php 第 173 行.
NOTIC: [8] Undefined index: entity_id D:\phptool\myphp_www\PHPTutorial\WWW\CodeNow\hao365\Application\Runtime\Cache\Admin\9c2beb313b914c6391b3fbbcdfe3fff0.php 第 172 行.
NOTIC: [8] Undefined index: entity_id D:\phptool\myphp_www\PHPTutorial\WWW\CodeNow\hao365\Application\Runtime\Cache\Admin\9c2beb313b914c6391b3fbbcdfe3fff0.php 第 173 行.
NOTIC: [8] Undefined index: entity_id D:\phptool\myphp_www\PHPTutorial\WWW\CodeNow\hao365\Application\Runtime\Cache\Admin\9c2beb313b914c6391b3fbbcdfe3fff0.php 第 172 行.
NOTIC: [8] Undefined index: entity_id D:\phptool\myphp_www\PHPTutorial\WWW\CodeNow\hao365\Application\Runtime\Cache\Admin\9c2beb313b914c6391b3fbbcdfe3fff0.php 第 173 行.
INFO: Run Behavior\ParseTemplateBehavior [ RunTime:0.004804s ]
INFO: [ view_parse ] --END-- [ RunTime:0.004817s ]
INFO: [ view_filter ] --START--
INFO: Run Behavior\WriteHtmlCacheBehavior [ RunTime:0.000184s ]
INFO: [ view_filter ] --END-- [ RunTime:0.000196s ]
INFO: [ app_end ] --START--
INFO: Run Behavior\ShowPageTraceBehavior [ RunTime:0.000317s ]
INFO: [ app_end ] --END-- [ RunTime:0.000334s ]

[ 2020-04-14T13:44:06+08:00 ] 127.0.0.1 /index.php/Admin/MiddleLevel/lists.html
INFO: [ app_init ] --START--
INFO: Run Behavior\BuildLiteBehavior [ RunTime:0.000004s ]
INFO: [ app_init ] --END-- [ RunTime:0.000194s ]
INFO: [ app_begin ] --START--
INFO: Run Behavior\ReadHtmlCacheBehavior [ RunTime:0.000269s ]
INFO: [ app_begin ] --END-- [ RunTime:0.000283s ]
SQL: SHOW COLUMNS FROM `nav_middle_level` [ RunTime:0.0085s ]
NOTIC: [8] Undefined variable: map D:\phptool\myphp_www\PHPTutorial\WWW\CodeNow\hao365\Application\Admin\Controller\MiddleLevelController.class.php 第 13 行.
SQL: SELECT COUNT(*) AS tp_count FROM `nav_middle_level` LIMIT 1   [ RunTime:0.0002s ]
SQL: SHOW COLUMNS FROM `nav_middle_level` [ RunTime:0.0035s ]
NOTIC: [8] Undefined variable: map D:\phptool\myphp_www\PHPTutorial\WWW\CodeNow\hao365\Application\Admin\Controller\MiddleLevelController.class.php 第 17 行.
SQL: SELECT * FROM `nav_middle_level` ORDER BY high_id desc , sort desc LIMIT 0,10   [ RunTime:0.0003s ]
SQL: SHOW COLUMNS FROM `nav_high_level` [ RunTime:0.0034s ]
SQL: SELECT * FROM `nav_high_level` WHERE ( 1=1 AND id='19' ) LIMIT 1   [ RunTime:0.0014s ]
SQL: SELECT * FROM `nav_high_level` WHERE ( 1=1 AND id='19' ) LIMIT 1   [ RunTime:0.0003s ]
SQL: SELECT * FROM `nav_high_level` WHERE ( 1=1 AND id='19' ) LIMIT 1   [ RunTime:0.0002s ]
SQL: SELECT * FROM `nav_high_level` WHERE ( 1=1 AND id='19' ) LIMIT 1   [ RunTime:0.0002s ]
SQL: SELECT * FROM `nav_high_level` WHERE ( 1=1 AND id='19' ) LIMIT 1   [ RunTime:0.0002s ]
SQL: SELECT * FROM `nav_high_level` WHERE ( 1=1 AND id='19' ) LIMIT 1   [ RunTime:0.0002s ]
SQL: SELECT * FROM `nav_high_level` WHERE ( 1=1 AND id='19' ) LIMIT 1   [ RunTime:0.0002s ]
SQL: SELECT * FROM `nav_high_level` WHERE ( 1=1 AND id='19' ) LIMIT 1   [ RunTime:0.0002s ]
SQL: SELECT * FROM `nav_high_level` WHERE ( 1=1 AND id='19' ) LIMIT 1   [ RunTime:0.0002s ]
SQL: SELECT * FROM `nav_high_level` WHERE ( 1=1 AND id='19' ) LIMIT 1   [ RunTime:0.0002s ]
INFO: [ view_parse ] --START--
NOTIC: [2] file_get_contents(./Application/Admin/View/Common/admin/footer.html): failed to open stream: No such file or directory D:\phptool\myphp_www\PHPTutorial\WWW\CodeNow\hao365\ThinkPHP\Library\Think\Template.class.php 第 696 行.
INFO: [ template_filter ] --START--
INFO: Run Behavior\ContentReplaceBehavior [ RunTime:0.000038s ]
INFO: [ template_filter ] --END-- [ RunTime:0.000052s ]
NOTIC: [8] Undefined variable: keyword D:\phptool\myphp_www\PHPTutorial\WWW\CodeNow\hao365\Application\Runtime\Cache\Admin\48ca1265ace3084b6af5ae5fbf2adc84.php 第 141 行.
NOTIC: [8] Undefined index: entity_id D:\phptool\myphp_www\PHPTutorial\WWW\CodeNow\hao365\Application\Runtime\Cache\Admin\48ca1265ace3084b6af5ae5fbf2adc84.php 第 171 行.
NOTIC: [8] Undefined index: entity_id D:\phptool\myphp_www\PHPTutorial\WWW\CodeNow\hao365\Application\Runtime\Cache\Admin\48ca1265ace3084b6af5ae5fbf2adc84.php 第 172 行.
NOTIC: [8] Undefined index: entity_id D:\phptool\myphp_www\PHPTutorial\WWW\CodeNow\hao365\Application\Runtime\Cache\Admin\48ca1265ace3084b6af5ae5fbf2adc84.php 第 171 行.
NOTIC: [8] Undefined index: entity_id D:\phptool\myphp_www\PHPTutorial\WWW\CodeNow\hao365\Application\Runtime\Cache\Admin\48ca1265ace3084b6af5ae5fbf2adc84.php 第 172 行.
NOTIC: [8] Undefined index: entity_id D:\phptool\myphp_www\PHPTutorial\WWW\CodeNow\hao365\Application\Runtime\Cache\Admin\48ca1265ace3084b6af5ae5fbf2adc84.php 第 171 行.
NOTIC: [8] Undefined index: entity_id D:\phptool\myphp_www\PHPTutorial\WWW\CodeNow\hao365\Application\Runtime\Cache\Admin\48ca1265ace3084b6af5ae5fbf2adc84.php 第 172 行.
NOTIC: [8] Undefined index: entity_id D:\phptool\myphp_www\PHPTutorial\WWW\CodeNow\hao365\Application\Runtime\Cache\Admin\48ca1265ace3084b6af5ae5fbf2adc84.php 第 171 行.
NOTIC: [8] Undefined index: entity_id D:\phptool\myphp_www\PHPTutorial\WWW\CodeNow\hao365\Application\Runtime\Cache\Admin\48ca1265ace3084b6af5ae5fbf2adc84.php 第 172 行.
NOTIC: [8] Undefined index: entity_id D:\phptool\myphp_www\PHPTutorial\WWW\CodeNow\hao365\Application\Runtime\Cache\Admin\48ca1265ace3084b6af5ae5fbf2adc84.php 第 171 行.
NOTIC: [8] Undefined index: entity_id D:\phptool\myphp_www\PHPTutorial\WWW\CodeNow\hao365\Application\Runtime\Cache\Admin\48ca1265ace3084b6af5ae5fbf2adc84.php 第 172 行.
NOTIC: [8] Undefined index: entity_id D:\phptool\myphp_www\PHPTutorial\WWW\CodeNow\hao365\Application\Runtime\Cache\Admin\48ca1265ace3084b6af5ae5fbf2adc84.php 第 171 行.
NOTIC: [8] Undefined index: entity_id D:\phptool\myphp_www\PHPTutorial\WWW\CodeNow\hao365\Application\Runtime\Cache\Admin\48ca1265ace3084b6af5ae5fbf2adc84.php 第 172 行.
NOTIC: [8] Undefined index: entity_id D:\phptool\myphp_www\PHPTutorial\WWW\CodeNow\hao365\Application\Runtime\Cache\Admin\48ca1265ace3084b6af5ae5fbf2adc84.php 第 171 行.
NOTIC: [8] Undefined index: entity_id D:\phptool\myphp_www\PHPTutorial\WWW\CodeNow\hao365\Application\Runtime\Cache\Admin\48ca1265ace3084b6af5ae5fbf2adc84.php 第 172 行.
NOTIC: [8] Undefined index: entity_id D:\phptool\myphp_www\PHPTutorial\WWW\CodeNow\hao365\Application\Runtime\Cache\Admin\48ca1265ace3084b6af5ae5fbf2adc84.php 第 171 行.
NOTIC: [8] Undefined index: entity_id D:\phptool\myphp_www\PHPTutorial\WWW\CodeNow\hao365\Application\Runtime\Cache\Admin\48ca1265ace3084b6af5ae5fbf2adc84.php 第 172 行.
NOTIC: [8] Undefined index: entity_id D:\phptool\myphp_www\PHPTutorial\WWW\CodeNow\hao365\Application\Runtime\Cache\Admin\48ca1265ace3084b6af5ae5fbf2adc84.php 第 171 行.
NOTIC: [8] Undefined index: entity_id D:\phptool\myphp_www\PHPTutorial\WWW\CodeNow\hao365\Application\Runtime\Cache\Admin\48ca1265ace3084b6af5ae5fbf2adc84.php 第 172 行.
NOTIC: [8] Undefined index: entity_id D:\phptool\myphp_www\PHPTutorial\WWW\CodeNow\hao365\Application\Runtime\Cache\Admin\48ca1265ace3084b6af5ae5fbf2adc84.php 第 171 行.
NOTIC: [8] Undefined index: entity_id D:\phptool\myphp_www\PHPTutorial\WWW\CodeNow\hao365\Application\Runtime\Cache\Admin\48ca1265ace3084b6af5ae5fbf2adc84.php 第 172 行.
INFO: Run Behavior\ParseTemplateBehavior [ RunTime:0.004875s ]
INFO: [ view_parse ] --END-- [ RunTime:0.004888s ]
INFO: [ view_filter ] --START--
INFO: Run Behavior\WriteHtmlCacheBehavior [ RunTime:0.000185s ]
INFO: [ view_filter ] --END-- [ RunTime:0.000198s ]
INFO: [ app_end ] --START--
INFO: Run Behavior\ShowPageTraceBehavior [ RunTime:0.000302s ]
INFO: [ app_end ] --END-- [ RunTime:0.000315s ]

[ 2020-04-14T13:44:09+08:00 ] 127.0.0.1 /index.php/Admin/ElementaryLevel/lists.html
INFO: [ app_init ] --START--
INFO: Run Behavior\BuildLiteBehavior [ RunTime:0.000004s ]
INFO: [ app_init ] --END-- [ RunTime:0.000189s ]
INFO: [ app_begin ] --START--
INFO: Run Behavior\ReadHtmlCacheBehavior [ RunTime:0.000263s ]
INFO: [ app_begin ] --END-- [ RunTime:0.000277s ]
SQL: SHOW COLUMNS FROM `nav_elementary_level` [ RunTime:0.0138s ]
NOTIC: [8] Undefined variable: map D:\phptool\myphp_www\PHPTutorial\WWW\CodeNow\hao365\Application\Admin\Controller\ElementaryLevelController.class.php 第 14 行.
SQL: SELECT COUNT(*) AS tp_count FROM `nav_elementary_level` LIMIT 1   [ RunTime:0.0002s ]
NOTIC: [8] Undefined variable: map D:\phptool\myphp_www\PHPTutorial\WWW\CodeNow\hao365\Application\Admin\Controller\ElementaryLevelController.class.php 第 18 行.
SQL: SELECT * FROM `nav_elementary_level` ORDER BY sort desc LIMIT 0,10   [ RunTime:0.0002s ]
INFO: [ view_parse ] --START--
NOTIC: [2] file_get_contents(./Application/Admin/View/Common/admin/footer.html): failed to open stream: No such file or directory D:\phptool\myphp_www\PHPTutorial\WWW\CodeNow\hao365\ThinkPHP\Library\Think\Template.class.php 第 696 行.
INFO: [ template_filter ] --START--
INFO: Run Behavior\ContentReplaceBehavior [ RunTime:0.000037s ]
INFO: [ template_filter ] --END-- [ RunTime:0.000054s ]
NOTIC: [8] Undefined variable: keyword D:\phptool\myphp_www\PHPTutorial\WWW\CodeNow\hao365\Application\Runtime\Cache\Admin\756ab8553d3f81609a91e0b03f281eb2.php 第 141 行.
NOTIC: [8] Undefined index: p D:\phptool\myphp_www\PHPTutorial\WWW\CodeNow\hao365\Application\Runtime\Cache\Admin\756ab8553d3f81609a91e0b03f281eb2.php 第 152 行.
NOTIC: [8] Undefined index: entity_id D:\phptool\myphp_www\PHPTutorial\WWW\CodeNow\hao365\Application\Runtime\Cache\Admin\756ab8553d3f81609a91e0b03f281eb2.php 第 171 行.
NOTIC: [8] Undefined index: entity_id D:\phptool\myphp_www\PHPTutorial\WWW\CodeNow\hao365\Application\Runtime\Cache\Admin\756ab8553d3f81609a91e0b03f281eb2.php 第 172 行.
SQL: SHOW COLUMNS FROM `nav_middle_level` [ RunTime:0.0041s ]
SQL: SELECT `id`,`high_id`,`middle_name` FROM `nav_middle_level` WHERE `id` = 29 LIMIT 1   [ RunTime:0.0002s ]
SQL: SHOW COLUMNS FROM `nav_high_level` [ RunTime:0.0035s ]
SQL: SELECT `high_name` FROM `nav_high_level` WHERE `id` = 12 LIMIT 1   [ RunTime:0.0002s ]
NOTIC: [8] Undefined index: entity_id D:\phptool\myphp_www\PHPTutorial\WWW\CodeNow\hao365\Application\Runtime\Cache\Admin\756ab8553d3f81609a91e0b03f281eb2.php 第 171 行.
NOTIC: [8] Undefined index: entity_id D:\phptool\myphp_www\PHPTutorial\WWW\CodeNow\hao365\Application\Runtime\Cache\Admin\756ab8553d3f81609a91e0b03f281eb2.php 第 172 行.
SQL: SELECT `id`,`high_id`,`middle_name` FROM `nav_middle_level` WHERE `id` = 17 LIMIT 1   [ RunTime:0.0002s ]
SQL: SELECT `high_name` FROM `nav_high_level` WHERE `id` = 15 LIMIT 1   [ RunTime:0.0002s ]
NOTIC: [8] Undefined index: entity_id D:\phptool\myphp_www\PHPTutorial\WWW\CodeNow\hao365\Application\Runtime\Cache\Admin\756ab8553d3f81609a91e0b03f281eb2.php 第 171 行.
NOTIC: [8] Undefined index: entity_id D:\phptool\myphp_www\PHPTutorial\WWW\CodeNow\hao365\Application\Runtime\Cache\Admin\756ab8553d3f81609a91e0b03f281eb2.php 第 172 行.
SQL: SELECT `id`,`high_id`,`middle_name` FROM `nav_middle_level` WHERE `id` = 17 LIMIT 1   [ RunTime:0.0002s ]
SQL: SELECT `high_name` FROM `nav_high_level` WHERE `id` = 15 LIMIT 1   [ RunTime:0.0002s ]
NOTIC: [8] Undefined index: entity_id D:\phptool\myphp_www\PHPTutorial\WWW\CodeNow\hao365\Application\Runtime\Cache\Admin\756ab8553d3f81609a91e0b03f281eb2.php 第 171 行.
NOTIC: [8] Undefined index: entity_id D:\phptool\myphp_www\PHPTutorial\WWW\CodeNow\hao365\Application\Runtime\Cache\Admin\756ab8553d3f81609a91e0b03f281eb2.php 第 172 行.
SQL: SELECT `id`,`high_id`,`middle_name` FROM `nav_middle_level` WHERE `id` = 16 LIMIT 1   [ RunTime:0.0002s ]
SQL: SELECT `high_name` FROM `nav_high_level` WHERE `id` = 13 LIMIT 1   [ RunTime:0.0002s ]
NOTIC: [8] Undefined index: entity_id D:\phptool\myphp_www\PHPTutorial\WWW\CodeNow\hao365\Application\Runtime\Cache\Admin\756ab8553d3f81609a91e0b03f281eb2.php 第 171 行.
NOTIC: [8] Undefined index: entity_id D:\phptool\myphp_www\PHPTutorial\WWW\CodeNow\hao365\Application\Runtime\Cache\Admin\756ab8553d3f81609a91e0b03f281eb2.php 第 172 行.
SQL: SELECT `id`,`high_id`,`middle_name` FROM `nav_middle_level` WHERE `id` = 17 LIMIT 1   [ RunTime:0.0002s ]
SQL: SELECT `high_name` FROM `nav_high_level` WHERE `id` = 15 LIMIT 1   [ RunTime:0.0002s ]
NOTIC: [8] Undefined index: entity_id D:\phptool\myphp_www\PHPTutorial\WWW\CodeNow\hao365\Application\Runtime\Cache\Admin\756ab8553d3f81609a91e0b03f281eb2.php 第 171 行.
NOTIC: [8] Undefined index: entity_id D:\phptool\myphp_www\PHPTutorial\WWW\CodeNow\hao365\Application\Runtime\Cache\Admin\756ab8553d3f81609a91e0b03f281eb2.php 第 172 行.
SQL: SELECT `id`,`high_id`,`middle_name` FROM `nav_middle_level` WHERE `id` = 22 LIMIT 1   [ RunTime:0.0002s ]
SQL: SELECT `high_name` FROM `nav_high_level` WHERE `id` = 15 LIMIT 1   [ RunTime:0.0002s ]
NOTIC: [8] Undefined index: entity_id D:\phptool\myphp_www\PHPTutorial\WWW\CodeNow\hao365\Application\Runtime\Cache\Admin\756ab8553d3f81609a91e0b03f281eb2.php 第 171 行.
NOTIC: [8] Undefined index: entity_id D:\phptool\myphp_www\PHPTutorial\WWW\CodeNow\hao365\Application\Runtime\Cache\Admin\756ab8553d3f81609a91e0b03f281eb2.php 第 172 行.
SQL: SELECT `id`,`high_id`,`middle_name` FROM `nav_middle_level` WHERE `id` = 17 LIMIT 1   [ RunTime:0.0002s ]
SQL: SELECT `high_name` FROM `nav_high_level` WHERE `id` = 15 LIMIT 1   [ RunTime:0.0002s ]
NOTIC: [8] Undefined index: entity_id D:\phptool\myphp_www\PHPTutorial\WWW\CodeNow\hao365\Application\Runtime\Cache\Admin\756ab8553d3f81609a91e0b03f281eb2.php 第 171 行.
NOTIC: [8] Undefined index: entity_id D:\phptool\myphp_www\PHPTutorial\WWW\CodeNow\hao365\Application\Runtime\Cache\Admin\756ab8553d3f81609a91e0b03f281eb2.php 第 172 行.
SQL: SELECT `id`,`high_id`,`middle_name` FROM `nav_middle_level` WHERE `id` = 17 LIMIT 1   [ RunTime:0.0002s ]
SQL: SELECT `high_name` FROM `nav_high_level` WHERE `id` = 15 LIMIT 1   [ RunTime:0.0002s ]
NOTIC: [8] Undefined index: entity_id D:\phptool\myphp_www\PHPTutorial\WWW\CodeNow\hao365\Application\Runtime\Cache\Admin\756ab8553d3f81609a91e0b03f281eb2.php 第 171 行.
NOTIC: [8] Undefined index: entity_id D:\phptool\myphp_www\PHPTutorial\WWW\CodeNow\hao365\Application\Runtime\Cache\Admin\756ab8553d3f81609a91e0b03f281eb2.php 第 172 行.
SQL: SELECT `id`,`high_id`,`middle_name` FROM `nav_middle_level` WHERE `id` = 22 LIMIT 1   [ RunTime:0.0002s ]
SQL: SELECT `high_name` FROM `nav_high_level` WHERE `id` = 15 LIMIT 1   [ RunTime:0.0002s ]
NOTIC: [8] Undefined index: entity_id D:\phptool\myphp_www\PHPTutorial\WWW\CodeNow\hao365\Application\Runtime\Cache\Admin\756ab8553d3f81609a91e0b03f281eb2.php 第 171 行.
NOTIC: [8] Undefined index: entity_id D:\phptool\myphp_www\PHPTutorial\WWW\CodeNow\hao365\Application\Runtime\Cache\Admin\756ab8553d3f81609a91e0b03f281eb2.php 第 172 行.
SQL: SELECT `id`,`high_id`,`middle_name` FROM `nav_middle_level` WHERE `id` = 21 LIMIT 1   [ RunTime:0.0002s ]
SQL: SELECT `high_name` FROM `nav_high_level` WHERE `id` = 15 LIMIT 1   [ RunTime:0.0002s ]
INFO: Run Behavior\ParseTemplateBehavior [ RunTime:0.018361s ]
INFO: [ view_parse ] --END-- [ RunTime:0.018373s ]
INFO: [ view_filter ] --START--
INFO: Run Behavior\WriteHtmlCacheBehavior [ RunTime:0.000276s ]
INFO: [ view_filter ] --END-- [ RunTime:0.000288s ]
INFO: [ app_end ] --START--
INFO: Run Behavior\ShowPageTraceBehavior [ RunTime:0.000574s ]
INFO: [ app_end ] --END-- [ RunTime:0.000610s ]

[ 2020-04-14T13:44:18+08:00 ] 127.0.0.1 /index.php/Admin/Datalist/lists.html
INFO: [ app_init ] --START--
INFO: Run Behavior\BuildLiteBehavior [ RunTime:0.000004s ]
INFO: [ app_init ] --END-- [ RunTime:0.000191s ]
INFO: [ app_begin ] --START--
INFO: Run Behavior\ReadHtmlCacheBehavior [ RunTime:0.000310s ]
INFO: [ app_begin ] --END-- [ RunTime:0.000324s ]
SQL: SHOW COLUMNS FROM `nav_datalist` [ RunTime:0.0139s ]
NOTIC: [8] Undefined variable: map D:\phptool\myphp_www\PHPTutorial\WWW\CodeNow\hao365\Application\Admin\Controller\DatalistController.class.php 第 16 行.
SQL: SELECT COUNT(*) AS tp_count FROM `nav_datalist` LIMIT 1   [ RunTime:0.0002s ]
NOTIC: [8] Undefined variable: map D:\phptool\myphp_www\PHPTutorial\WWW\CodeNow\hao365\Application\Admin\Controller\DatalistController.class.php 第 20 行.
SQL: SELECT * FROM `nav_datalist` ORDER BY sort desc LIMIT 0,10   [ RunTime:0.0003s ]
INFO: [ view_parse ] --START--
NOTIC: [2] file_get_contents(./Application/Admin/View/Common/admin/footer.html): failed to open stream: No such file or directory D:\phptool\myphp_www\PHPTutorial\WWW\CodeNow\hao365\ThinkPHP\Library\Think\Template.class.php 第 696 行.
INFO: [ template_filter ] --START--
INFO: Run Behavior\ContentReplaceBehavior [ RunTime:0.000037s ]
INFO: [ template_filter ] --END-- [ RunTime:0.000050s ]
NOTIC: [8] Undefined variable: keyword D:\phptool\myphp_www\PHPTutorial\WWW\CodeNow\hao365\Application\Runtime\Cache\Admin\2bccd9d07dc58baf32219c8a927dec8f.php 第 141 行.
NOTIC: [8] Undefined index: p D:\phptool\myphp_www\PHPTutorial\WWW\CodeNow\hao365\Application\Runtime\Cache\Admin\2bccd9d07dc58baf32219c8a927dec8f.php 第 152 行.
NOTIC: [8] Undefined index: entity_id D:\phptool\myphp_www\PHPTutorial\WWW\CodeNow\hao365\Application\Runtime\Cache\Admin\2bccd9d07dc58baf32219c8a927dec8f.php 第 173 行.
NOTIC: [8] Undefined index: entity_id D:\phptool\myphp_www\PHPTutorial\WWW\CodeNow\hao365\Application\Runtime\Cache\Admin\2bccd9d07dc58baf32219c8a927dec8f.php 第 174 行.
SQL: SELECT * FROM `nav_datalist` WHERE `id` = 97 LIMIT 1   [ RunTime:0.0002s ]
SQL: SHOW COLUMNS FROM `nav_middle_level` [ RunTime:0.0038s ]
SQL: SELECT `id`,`high_id`,`middle_name` FROM `nav_middle_level` WHERE `id` = 17 LIMIT 1   [ RunTime:0.0002s ]
SQL: SHOW COLUMNS FROM `nav_high_level` [ RunTime:0.0039s ]
SQL: SELECT `high_name` FROM `nav_high_level` WHERE `id` = 15 LIMIT 1   [ RunTime:0.0003s ]
SQL: SHOW COLUMNS FROM `nav_elementary_level` [ RunTime:0.0033s ]
SQL: SELECT `elementary_name` FROM `nav_elementary_level` WHERE `id` = 22 LIMIT 1   [ RunTime:0.0002s ]
NOTIC: [8] Undefined index: entity_id D:\phptool\myphp_www\PHPTutorial\WWW\CodeNow\hao365\Application\Runtime\Cache\Admin\2bccd9d07dc58baf32219c8a927dec8f.php 第 173 行.
NOTIC: [8] Undefined index: entity_id D:\phptool\myphp_www\PHPTutorial\WWW\CodeNow\hao365\Application\Runtime\Cache\Admin\2bccd9d07dc58baf32219c8a927dec8f.php 第 174 行.
SQL: SELECT * FROM `nav_datalist` WHERE `id` = 91 LIMIT 1   [ RunTime:0.0002s ]
SQL: SELECT `high_name` FROM `nav_high_level` WHERE `id` = 16 LIMIT 1   [ RunTime:0.0001s ]
NOTIC: [8] Undefined index: entity_id D:\phptool\myphp_www\PHPTutorial\WWW\CodeNow\hao365\Application\Runtime\Cache\Admin\2bccd9d07dc58baf32219c8a927dec8f.php 第 173 行.
NOTIC: [8] Undefined index: entity_id D:\phptool\myphp_www\PHPTutorial\WWW\CodeNow\hao365\Application\Runtime\Cache\Admin\2bccd9d07dc58baf32219c8a927dec8f.php 第 174 行.
SQL: SELECT * FROM `nav_datalist` WHERE `id` = 93 LIMIT 1   [ RunTime:0.0002s ]
SQL: SELECT `id`,`high_id`,`middle_name` FROM `nav_middle_level` WHERE `id` = 22 LIMIT 1   [ RunTime:0.0001s ]
SQL: SELECT `high_name` FROM `nav_high_level` WHERE `id` = 15 LIMIT 1   [ RunTime:0.0001s ]
SQL: SELECT `elementary_name` FROM `nav_elementary_level` WHERE `id` = 25 LIMIT 1   [ RunTime:0.0001s ]
NOTIC: [8] Undefined index: entity_id D:\phptool\myphp_www\PHPTutorial\WWW\CodeNow\hao365\Application\Runtime\Cache\Admin\2bccd9d07dc58baf32219c8a927dec8f.php 第 173 行.
NOTIC: [8] Undefined index: entity_id D:\phptool\myphp_www\PHPTutorial\WWW\CodeNow\hao365\Application\Runtime\Cache\Admin\2bccd9d07dc58baf32219c8a927dec8f.php 第 174 行.
SQL: SELECT * FROM `nav_datalist` WHERE `id` = 94 LIMIT 1   [ RunTime:0.0002s ]
SQL: SELECT `id`,`high_id`,`middle_name` FROM `nav_middle_level` WHERE `id` = 22 LIMIT 1   [ RunTime:0.0002s ]
SQL: SELECT `high_name` FROM `nav_high_level` WHERE `id` = 15 LIMIT 1   [ RunTime:0.0002s ]
SQL: SELECT `elementary_name` FROM `nav_elementary_level` WHERE `id` = 25 LIMIT 1   [ RunTime:0.0002s ]
NOTIC: [8] Undefined index: entity_id D:\phptool\myphp_www\PHPTutorial\WWW\CodeNow\hao365\Application\Runtime\Cache\Admin\2bccd9d07dc58baf32219c8a927dec8f.php 第 173 行.
NOTIC: [8] Undefined index: entity_id D:\phptool\myphp_www\PHPTutorial\WWW\CodeNow\hao365\Application\Runtime\Cache\Admin\2bccd9d07dc58baf32219c8a927dec8f.php 第 174 行.
SQL: SELECT * FROM `nav_datalist` WHERE `id` = 9 LIMIT 1   [ RunTime:0.0002s ]
SQL: SELECT `id`,`high_id`,`middle_name` FROM `nav_middle_level` WHERE `id` = 17 LIMIT 1   [ RunTime:0.0002s ]
SQL: SELECT `high_name` FROM `nav_high_level` WHERE `id` = 15 LIMIT 1   [ RunTime:0.0002s ]
SQL: SELECT `elementary_name` FROM `nav_elementary_level` WHERE `id` = 21 LIMIT 1   [ RunTime:0.0002s ]
NOTIC: [8] Undefined index: entity_id D:\phptool\myphp_www\PHPTutorial\WWW\CodeNow\hao365\Application\Runtime\Cache\Admin\2bccd9d07dc58baf32219c8a927dec8f.php 第 173 行.
NOTIC: [8] Undefined index: entity_id D:\phptool\myphp_www\PHPTutorial\WWW\CodeNow\hao365\Application\Runtime\Cache\Admin\2bccd9d07dc58baf32219c8a927dec8f.php 第 174 行.
SQL: SELECT * FROM `nav_datalist` WHERE `id` = 90 LIMIT 1   [ RunTime:0.0003s ]
SQL: SELECT `id`,`high_id`,`middle_name` FROM `nav_middle_level` WHERE `id` = 17 LIMIT 1   [ RunTime:0.0002s ]
SQL: SELECT `high_name` FROM `nav_high_level` WHERE `id` = 15 LIMIT 1   [ RunTime:0.0002s ]
SQL: SELECT `elementary_name` FROM `nav_elementary_level` WHERE `id` = 22 LIMIT 1   [ RunTime:0.0002s ]
NOTIC: [8] Undefined index: entity_id D:\phptool\myphp_www\PHPTutorial\WWW\CodeNow\hao365\Application\Runtime\Cache\Admin\2bccd9d07dc58baf32219c8a927dec8f.php 第 173 行.
NOTIC: [8] Undefined index: entity_id D:\phptool\myphp_www\PHPTutorial\WWW\CodeNow\hao365\Application\Runtime\Cache\Admin\2bccd9d07dc58baf32219c8a927dec8f.php 第 174 行.
SQL: SELECT * FROM `nav_datalist` WHERE `id` = 92 LIMIT 1   [ RunTime:0.0002s ]
SQL: SELECT `id`,`high_id`,`middle_name` FROM `nav_middle_level` WHERE `id` = 22 LIMIT 1   [ RunTime:0.0002s ]
SQL: SELECT `high_name` FROM `nav_high_level` WHERE `id` = 15 LIMIT 1   [ RunTime:0.0002s ]
SQL: SELECT `elementary_name` FROM `nav_elementary_level` WHERE `id` = 24 LIMIT 1   [ RunTime:0.0002s ]
NOTIC: [8] Undefined index: entity_id D:\phptool\myphp_www\PHPTutorial\WWW\CodeNow\hao365\Application\Runtime\Cache\Admin\2bccd9d07dc58baf32219c8a927dec8f.php 第 173 行.
NOTIC: [8] Undefined index: entity_id D:\phptool\myphp_www\PHPTutorial\WWW\CodeNow\hao365\Application\Runtime\Cache\Admin\2bccd9d07dc58baf32219c8a927dec8f.php 第 174 行.
SQL: SELECT * FROM `nav_datalist` WHERE `id` = 8 LIMIT 1   [ RunTime:0.0002s ]
SQL: SELECT `id`,`high_id`,`middle_name` FROM `nav_middle_level` WHERE `id` = 17 LIMIT 1   [ RunTime:0.0002s ]
SQL: SELECT `high_name` FROM `nav_high_level` WHERE `id` = 15 LIMIT 1   [ RunTime:0.0001s ]
SQL: SELECT `elementary_name` FROM `nav_elementary_level` WHERE `id` = 21 LIMIT 1   [ RunTime:0.0001s ]
NOTIC: [8] Undefined index: entity_id D:\phptool\myphp_www\PHPTutorial\WWW\CodeNow\hao365\Application\Runtime\Cache\Admin\2bccd9d07dc58baf32219c8a927dec8f.php 第 173 行.
NOTIC: [8] Undefined index: entity_id D:\phptool\myphp_www\PHPTutorial\WWW\CodeNow\hao365\Application\Runtime\Cache\Admin\2bccd9d07dc58baf32219c8a927dec8f.php 第 174 行.
SQL: SELECT * FROM `nav_datalist` WHERE `id` = 96 LIMIT 1   [ RunTime:0.0002s ]
SQL: SELECT `high_name` FROM `nav_high_level` WHERE `id` = 15 LIMIT 1   [ RunTime:0.0001s ]
INFO: Run Behavior\ParseTemplateBehavior [ RunTime:0.022699s ]
INFO: [ view_parse ] --END-- [ RunTime:0.022712s ]
INFO: [ view_filter ] --START--
INFO: Run Behavior\WriteHtmlCacheBehavior [ RunTime:0.000234s ]
INFO: [ view_filter ] --END-- [ RunTime:0.000245s ]
INFO: [ app_end ] --START--
INFO: Run Behavior\ShowPageTraceBehavior [ RunTime:0.000343s ]
INFO: [ app_end ] --END-- [ RunTime:0.000360s ]

[ 2020-04-14T13:44:21+08:00 ] 127.0.0.1 /index.php/Admin/Hot/lists.html
INFO: [ app_init ] --START--
INFO: Run Behavior\BuildLiteBehavior [ RunTime:0.000005s ]
INFO: [ app_init ] --END-- [ RunTime:0.000251s ]
INFO: [ app_begin ] --START--
INFO: Run Behavior\ReadHtmlCacheBehavior [ RunTime:0.000289s ]
INFO: [ app_begin ] --END-- [ RunTime:0.000304s ]
SQL: SHOW COLUMNS FROM `nav_hot` [ RunTime:0.0142s ]
SQL: SELECT COUNT(*) AS tp_count FROM `nav_hot` WHERE `type` = 0 LIMIT 1   [ RunTime:0.0002s ]
SQL: SELECT * FROM `nav_hot` WHERE `type` = 0 ORDER BY sort desc LIMIT 0,10   [ RunTime:0.0003s ]
INFO: [ view_parse ] --START--
NOTIC: [2] file_get_contents(./Application/Admin/View/Common/admin/footer.html): failed to open stream: No such file or directory D:\phptool\myphp_www\PHPTutorial\WWW\CodeNow\hao365\ThinkPHP\Library\Think\Template.class.php 第 696 行.
INFO: [ template_filter ] --START--
INFO: Run Behavior\ContentReplaceBehavior [ RunTime:0.000041s ]
INFO: [ template_filter ] --END-- [ RunTime:0.000056s ]
NOTIC: [8] Undefined index: type D:\phptool\myphp_www\PHPTutorial\WWW\CodeNow\hao365\Application\Runtime\Cache\Admin\5f5a152cff6220d4215ce3902f117f0b.php 第 127 行.
NOTIC: [8] Undefined index: type D:\phptool\myphp_www\PHPTutorial\WWW\CodeNow\hao365\Application\Runtime\Cache\Admin\5f5a152cff6220d4215ce3902f117f0b.php 第 130 行.
NOTIC: [8] Undefined index: type D:\phptool\myphp_www\PHPTutorial\WWW\CodeNow\hao365\Application\Runtime\Cache\Admin\5f5a152cff6220d4215ce3902f117f0b.php 第 133 行.
NOTIC: [8] Undefined variable: keyword D:\phptool\myphp_www\PHPTutorial\WWW\CodeNow\hao365\Application\Runtime\Cache\Admin\5f5a152cff6220d4215ce3902f117f0b.php 第 151 行.
NOTIC: [8] Undefined index: p D:\phptool\myphp_www\PHPTutorial\WWW\CodeNow\hao365\Application\Runtime\Cache\Admin\5f5a152cff6220d4215ce3902f117f0b.php 第 162 行.
NOTIC: [8] Array to string conversion D:\phptool\myphp_www\PHPTutorial\WWW\CodeNow\hao365\Application\Runtime\Cache\Admin\5f5a152cff6220d4215ce3902f117f0b.php 第 171 行.
NOTIC: [8] Undefined variable: Array D:\phptool\myphp_www\PHPTutorial\WWW\CodeNow\hao365\Application\Runtime\Cache\Admin\5f5a152cff6220d4215ce3902f117f0b.php 第 171 行.
NOTIC: [8] Undefined index: type D:\phptool\myphp_www\PHPTutorial\WWW\CodeNow\hao365\Application\Runtime\Cache\Admin\5f5a152cff6220d4215ce3902f117f0b.php 第 172 行.
NOTIC: [8] Undefined index: entity_id D:\phptool\myphp_www\PHPTutorial\WWW\CodeNow\hao365\Application\Runtime\Cache\Admin\5f5a152cff6220d4215ce3902f117f0b.php 第 184 行.
NOTIC: [8] Undefined index: entity_id D:\phptool\myphp_www\PHPTutorial\WWW\CodeNow\hao365\Application\Runtime\Cache\Admin\5f5a152cff6220d4215ce3902f117f0b.php 第 185 行.
NOTIC: [8] Undefined index: type D:\phptool\myphp_www\PHPTutorial\WWW\CodeNow\hao365\Application\Runtime\Cache\Admin\5f5a152cff6220d4215ce3902f117f0b.php 第 187 行.
NOTIC: [8] Undefined index: entity_id D:\phptool\myphp_www\PHPTutorial\WWW\CodeNow\hao365\Application\Runtime\Cache\Admin\5f5a152cff6220d4215ce3902f117f0b.php 第 184 行.
NOTIC: [8] Undefined index: entity_id D:\phptool\myphp_www\PHPTutorial\WWW\CodeNow\hao365\Application\Runtime\Cache\Admin\5f5a152cff6220d4215ce3902f117f0b.php 第 185 行.
NOTIC: [8] Undefined index: type D:\phptool\myphp_www\PHPTutorial\WWW\CodeNow\hao365\Application\Runtime\Cache\Admin\5f5a152cff6220d4215ce3902f117f0b.php 第 187 行.
NOTIC: [8] Undefined index: entity_id D:\phptool\myphp_www\PHPTutorial\WWW\CodeNow\hao365\Application\Runtime\Cache\Admin\5f5a152cff6220d4215ce3902f117f0b.php 第 184 行.
NOTIC: [8] Undefined index: entity_id D:\phptool\myphp_www\PHPTutorial\WWW\CodeNow\hao365\Application\Runtime\Cache\Admin\5f5a152cff6220d4215ce3902f117f0b.php 第 185 行.
NOTIC: [8] Undefined index: type D:\phptool\myphp_www\PHPTutorial\WWW\CodeNow\hao365\Application\Runtime\Cache\Admin\5f5a152cff6220d4215ce3902f117f0b.php 第 187 行.
NOTIC: [8] Undefined index: entity_id D:\phptool\myphp_www\PHPTutorial\WWW\CodeNow\hao365\Application\Runtime\Cache\Admin\5f5a152cff6220d4215ce3902f117f0b.php 第 184 行.
NOTIC: [8] Undefined index: entity_id D:\phptool\myphp_www\PHPTutorial\WWW\CodeNow\hao365\Application\Runtime\Cache\Admin\5f5a152cff6220d4215ce3902f117f0b.php 第 185 行.
NOTIC: [8] Undefined index: type D:\phptool\myphp_www\PHPTutorial\WWW\CodeNow\hao365\Application\Runtime\Cache\Admin\5f5a152cff6220d4215ce3902f117f0b.php 第 187 行.
NOTIC: [8] Undefined index: entity_id D:\phptool\myphp_www\PHPTutorial\WWW\CodeNow\hao365\Application\Runtime\Cache\Admin\5f5a152cff6220d4215ce3902f117f0b.php 第 184 行.
NOTIC: [8] Undefined index: entity_id D:\phptool\myphp_www\PHPTutorial\WWW\CodeNow\hao365\Application\Runtime\Cache\Admin\5f5a152cff6220d4215ce3902f117f0b.php 第 185 行.
NOTIC: [8] Undefined index: type D:\phptool\myphp_www\PHPTutorial\WWW\CodeNow\hao365\Application\Runtime\Cache\Admin\5f5a152cff6220d4215ce3902f117f0b.php 第 187 行.
NOTIC: [8] Undefined index: entity_id D:\phptool\myphp_www\PHPTutorial\WWW\CodeNow\hao365\Application\Runtime\Cache\Admin\5f5a152cff6220d4215ce3902f117f0b.php 第 184 行.
NOTIC: [8] Undefined index: entity_id D:\phptool\myphp_www\PHPTutorial\WWW\CodeNow\hao365\Application\Runtime\Cache\Admin\5f5a152cff6220d4215ce3902f117f0b.php 第 185 行.
NOTIC: [8] Undefined index: type D:\phptool\myphp_www\PHPTutorial\WWW\CodeNow\hao365\Application\Runtime\Cache\Admin\5f5a152cff6220d4215ce3902f117f0b.php 第 187 行.
NOTIC: [8] Undefined index: entity_id D:\phptool\myphp_www\PHPTutorial\WWW\CodeNow\hao365\Application\Runtime\Cache\Admin\5f5a152cff6220d4215ce3902f117f0b.php 第 184 行.
NOTIC: [8] Undefined index: entity_id D:\phptool\myphp_www\PHPTutorial\WWW\CodeNow\hao365\Application\Runtime\Cache\Admin\5f5a152cff6220d4215ce3902f117f0b.php 第 185 行.
NOTIC: [8] Undefined index: type D:\phptool\myphp_www\PHPTutorial\WWW\CodeNow\hao365\Application\Runtime\Cache\Admin\5f5a152cff6220d4215ce3902f117f0b.php 第 187 行.
NOTIC: [8] Undefined index: entity_id D:\phptool\myphp_www\PHPTutorial\WWW\CodeNow\hao365\Application\Runtime\Cache\Admin\5f5a152cff6220d4215ce3902f117f0b.php 第 184 行.
NOTIC: [8] Undefined index: entity_id D:\phptool\myphp_www\PHPTutorial\WWW\CodeNow\hao365\Application\Runtime\Cache\Admin\5f5a152cff6220d4215ce3902f117f0b.php 第 185 行.
NOTIC: [8] Undefined index: type D:\phptool\myphp_www\PHPTutorial\WWW\CodeNow\hao365\Application\Runtime\Cache\Admin\5f5a152cff6220d4215ce3902f117f0b.php 第 187 行.
NOTIC: [8] Undefined index: entity_id D:\phptool\myphp_www\PHPTutorial\WWW\CodeNow\hao365\Application\Runtime\Cache\Admin\5f5a152cff6220d4215ce3902f117f0b.php 第 184 行.
NOTIC: [8] Undefined index: entity_id D:\phptool\myphp_www\PHPTutorial\WWW\CodeNow\hao365\Application\Runtime\Cache\Admin\5f5a152cff6220d4215ce3902f117f0b.php 第 185 行.
NOTIC: [8] Undefined index: type D:\phptool\myphp_www\PHPTutorial\WWW\CodeNow\hao365\Application\Runtime\Cache\Admin\5f5a152cff6220d4215ce3902f117f0b.php 第 187 行.
NOTIC: [8] Undefined index: entity_id D:\phptool\myphp_www\PHPTutorial\WWW\CodeNow\hao365\Application\Runtime\Cache\Admin\5f5a152cff6220d4215ce3902f117f0b.php 第 184 行.
NOTIC: [8] Undefined index: entity_id D:\phptool\myphp_www\PHPTutorial\WWW\CodeNow\hao365\Application\Runtime\Cache\Admin\5f5a152cff6220d4215ce3902f117f0b.php 第 185 行.
NOTIC: [8] Undefined index: type D:\phptool\myphp_www\PHPTutorial\WWW\CodeNow\hao365\Application\Runtime\Cache\Admin\5f5a152cff6220d4215ce3902f117f0b.php 第 187 行.
INFO: Run Behavior\ParseTemplateBehavior [ RunTime:0.005214s ]
INFO: [ view_parse ] --END-- [ RunTime:0.005229s ]
INFO: [ view_filter ] --START--
INFO: Run Behavior\WriteHtmlCacheBehavior [ RunTime:0.000193s ]
INFO: [ view_filter ] --END-- [ RunTime:0.000205s ]
INFO: [ app_end ] --START--
INFO: Run Behavior\ShowPageTraceBehavior [ RunTime:0.000323s ]
INFO: [ app_end ] --END-- [ RunTime:0.000340s ]

[ 2020-04-14T13:44:27+08:00 ] 127.0.0.1 /index.php/Admin/Datalist/lists.html
INFO: [ app_init ] --START--
INFO: Run Behavior\BuildLiteBehavior [ RunTime:0.000005s ]
INFO: [ app_init ] --END-- [ RunTime:0.000198s ]
INFO: [ app_begin ] --START--
INFO: Run Behavior\ReadHtmlCacheBehavior [ RunTime:0.000417s ]
INFO: [ app_begin ] --END-- [ RunTime:0.000448s ]
SQL: SHOW COLUMNS FROM `nav_datalist` [ RunTime:0.0136s ]
NOTIC: [8] Undefined variable: map D:\phptool\myphp_www\PHPTutorial\WWW\CodeNow\hao365\Application\Admin\Controller\DatalistController.class.php 第 16 行.
SQL: SELECT COUNT(*) AS tp_count FROM `nav_datalist` LIMIT 1   [ RunTime:0.0002s ]
NOTIC: [8] Undefined variable: map D:\phptool\myphp_www\PHPTutorial\WWW\CodeNow\hao365\Application\Admin\Controller\DatalistController.class.php 第 20 行.
SQL: SELECT * FROM `nav_datalist` ORDER BY sort desc LIMIT 0,10   [ RunTime:0.0002s ]
INFO: [ view_parse ] --START--
NOTIC: [2] file_get_contents(./Application/Admin/View/Common/admin/footer.html): failed to open stream: No such file or directory D:\phptool\myphp_www\PHPTutorial\WWW\CodeNow\hao365\ThinkPHP\Library\Think\Template.class.php 第 696 行.
INFO: [ template_filter ] --START--
INFO: Run Behavior\ContentReplaceBehavior [ RunTime:0.000038s ]
INFO: [ template_filter ] --END-- [ RunTime:0.000052s ]
NOTIC: [8] Undefined variable: keyword D:\phptool\myphp_www\PHPTutorial\WWW\CodeNow\hao365\Application\Runtime\Cache\Admin\2bccd9d07dc58baf32219c8a927dec8f.php 第 141 行.
NOTIC: [8] Undefined index: p D:\phptool\myphp_www\PHPTutorial\WWW\CodeNow\hao365\Application\Runtime\Cache\Admin\2bccd9d07dc58baf32219c8a927dec8f.php 第 152 行.
NOTIC: [8] Undefined index: entity_id D:\phptool\myphp_www\PHPTutorial\WWW\CodeNow\hao365\Application\Runtime\Cache\Admin\2bccd9d07dc58baf32219c8a927dec8f.php 第 173 行.
NOTIC: [8] Undefined index: entity_id D:\phptool\myphp_www\PHPTutorial\WWW\CodeNow\hao365\Application\Runtime\Cache\Admin\2bccd9d07dc58baf32219c8a927dec8f.php 第 174 行.
SQL: SELECT * FROM `nav_datalist` WHERE `id` = 97 LIMIT 1   [ RunTime:0.0003s ]
SQL: SHOW COLUMNS FROM `nav_middle_level` [ RunTime:0.0036s ]
SQL: SELECT `id`,`high_id`,`middle_name` FROM `nav_middle_level` WHERE `id` = 17 LIMIT 1   [ RunTime:0.0002s ]
SQL: SHOW COLUMNS FROM `nav_high_level` [ RunTime:0.0034s ]
SQL: SELECT `high_name` FROM `nav_high_level` WHERE `id` = 15 LIMIT 1   [ RunTime:0.0002s ]
SQL: SHOW COLUMNS FROM `nav_elementary_level` [ RunTime:0.0040s ]
SQL: SELECT `elementary_name` FROM `nav_elementary_level` WHERE `id` = 22 LIMIT 1   [ RunTime:0.0002s ]
NOTIC: [8] Undefined index: entity_id D:\phptool\myphp_www\PHPTutorial\WWW\CodeNow\hao365\Application\Runtime\Cache\Admin\2bccd9d07dc58baf32219c8a927dec8f.php 第 173 行.
NOTIC: [8] Undefined index: entity_id D:\phptool\myphp_www\PHPTutorial\WWW\CodeNow\hao365\Application\Runtime\Cache\Admin\2bccd9d07dc58baf32219c8a927dec8f.php 第 174 行.
SQL: SELECT * FROM `nav_datalist` WHERE `id` = 91 LIMIT 1   [ RunTime:0.0001s ]
SQL: SELECT `high_name` FROM `nav_high_level` WHERE `id` = 16 LIMIT 1   [ RunTime:0.0001s ]
NOTIC: [8] Undefined index: entity_id D:\phptool\myphp_www\PHPTutorial\WWW\CodeNow\hao365\Application\Runtime\Cache\Admin\2bccd9d07dc58baf32219c8a927dec8f.php 第 173 行.
NOTIC: [8] Undefined index: entity_id D:\phptool\myphp_www\PHPTutorial\WWW\CodeNow\hao365\Application\Runtime\Cache\Admin\2bccd9d07dc58baf32219c8a927dec8f.php 第 174 行.
SQL: SELECT * FROM `nav_datalist` WHERE `id` = 93 LIMIT 1   [ RunTime:0.0002s ]
SQL: SELECT `id`,`high_id`,`middle_name` FROM `nav_middle_level` WHERE `id` = 22 LIMIT 1   [ RunTime:0.0001s ]
SQL: SELECT `high_name` FROM `nav_high_level` WHERE `id` = 15 LIMIT 1   [ RunTime:0.0001s ]
SQL: SELECT `elementary_name` FROM `nav_elementary_level` WHERE `id` = 25 LIMIT 1   [ RunTime:0.0001s ]
NOTIC: [8] Undefined index: entity_id D:\phptool\myphp_www\PHPTutorial\WWW\CodeNow\hao365\Application\Runtime\Cache\Admin\2bccd9d07dc58baf32219c8a927dec8f.php 第 173 行.
NOTIC: [8] Undefined index: entity_id D:\phptool\myphp_www\PHPTutorial\WWW\CodeNow\hao365\Application\Runtime\Cache\Admin\2bccd9d07dc58baf32219c8a927dec8f.php 第 174 行.
SQL: SELECT * FROM `nav_datalist` WHERE `id` = 94 LIMIT 1   [ RunTime:0.0002s ]
SQL: SELECT `id`,`high_id`,`middle_name` FROM `nav_middle_level` WHERE `id` = 22 LIMIT 1   [ RunTime:0.0001s ]
SQL: SELECT `high_name` FROM `nav_high_level` WHERE `id` = 15 LIMIT 1   [ RunTime:0.0001s ]
SQL: SELECT `elementary_name` FROM `nav_elementary_level` WHERE `id` = 25 LIMIT 1   [ RunTime:0.0001s ]
NOTIC: [8] Undefined index: entity_id D:\phptool\myphp_www\PHPTutorial\WWW\CodeNow\hao365\Application\Runtime\Cache\Admin\2bccd9d07dc58baf32219c8a927dec8f.php 第 173 行.
NOTIC: [8] Undefined index: entity_id D:\phptool\myphp_www\PHPTutorial\WWW\CodeNow\hao365\Application\Runtime\Cache\Admin\2bccd9d07dc58baf32219c8a927dec8f.php 第 174 行.
SQL: SELECT * FROM `nav_datalist` WHERE `id` = 9 LIMIT 1   [ RunTime:0.0002s ]
SQL: SELECT `id`,`high_id`,`middle_name` FROM `nav_middle_level` WHERE `id` = 17 LIMIT 1   [ RunTime:0.0001s ]
SQL: SELECT `high_name` FROM `nav_high_level` WHERE `id` = 15 LIMIT 1   [ RunTime:0.0001s ]
SQL: SELECT `elementary_name` FROM `nav_elementary_level` WHERE `id` = 21 LIMIT 1   [ RunTime:0.0001s ]
NOTIC: [8] Undefined index: entity_id D:\phptool\myphp_www\PHPTutorial\WWW\CodeNow\hao365\Application\Runtime\Cache\Admin\2bccd9d07dc58baf32219c8a927dec8f.php 第 173 行.
NOTIC: [8] Undefined index: entity_id D:\phptool\myphp_www\PHPTutorial\WWW\CodeNow\hao365\Application\Runtime\Cache\Admin\2bccd9d07dc58baf32219c8a927dec8f.php 第 174 行.
SQL: SELECT * FROM `nav_datalist` WHERE `id` = 90 LIMIT 1   [ RunTime:0.0001s ]
SQL: SELECT `id`,`high_id`,`middle_name` FROM `nav_middle_level` WHERE `id` = 17 LIMIT 1   [ RunTime:0.0001s ]
SQL: SELECT `high_name` FROM `nav_high_level` WHERE `id` = 15 LIMIT 1   [ RunTime:0.0001s ]
SQL: SELECT `elementary_name` FROM `nav_elementary_level` WHERE `id` = 22 LIMIT 1   [ RunTime:0.0001s ]
NOTIC: [8] Undefined index: entity_id D:\phptool\myphp_www\PHPTutorial\WWW\CodeNow\hao365\Application\Runtime\Cache\Admin\2bccd9d07dc58baf32219c8a927dec8f.php 第 173 行.
NOTIC: [8] Undefined index: entity_id D:\phptool\myphp_www\PHPTutorial\WWW\CodeNow\hao365\Application\Runtime\Cache\Admin\2bccd9d07dc58baf32219c8a927dec8f.php 第 174 行.
SQL: SELECT * FROM `nav_datalist` WHERE `id` = 92 LIMIT 1   [ RunTime:0.0001s ]
SQL: SELECT `id`,`high_id`,`middle_name` FROM `nav_middle_level` WHERE `id` = 22 LIMIT 1   [ RunTime:0.0001s ]
SQL: SELECT `high_name` FROM `nav_high_level` WHERE `id` = 15 LIMIT 1   [ RunTime:0.0002s ]
SQL: SELECT `elementary_name` FROM `nav_elementary_level` WHERE `id` = 24 LIMIT 1   [ RunTime:0.0001s ]
NOTIC: [8] Undefined index: entity_id D:\phptool\myphp_www\PHPTutorial\WWW\CodeNow\hao365\Application\Runtime\Cache\Admin\2bccd9d07dc58baf32219c8a927dec8f.php 第 173 行.
NOTIC: [8] Undefined index: entity_id D:\phptool\myphp_www\PHPTutorial\WWW\CodeNow\hao365\Application\Runtime\Cache\Admin\2bccd9d07dc58baf32219c8a927dec8f.php 第 174 行.
SQL: SELECT * FROM `nav_datalist` WHERE `id` = 8 LIMIT 1   [ RunTime:0.0003s ]
SQL: SELECT `id`,`high_id`,`middle_name` FROM `nav_middle_level` WHERE `id` = 17 LIMIT 1   [ RunTime:0.0002s ]
SQL: SELECT `high_name` FROM `nav_high_level` WHERE `id` = 15 LIMIT 1   [ RunTime:0.0001s ]
SQL: SELECT `elementary_name` FROM `nav_elementary_level` WHERE `id` = 21 LIMIT 1   [ RunTime:0.0001s ]
NOTIC: [8] Undefined index: entity_id D:\phptool\myphp_www\PHPTutorial\WWW\CodeNow\hao365\Application\Runtime\Cache\Admin\2bccd9d07dc58baf32219c8a927dec8f.php 第 173 行.
NOTIC: [8] Undefined index: entity_id D:\phptool\myphp_www\PHPTutorial\WWW\CodeNow\hao365\Application\Runtime\Cache\Admin\2bccd9d07dc58baf32219c8a927dec8f.php 第 174 行.
SQL: SELECT * FROM `nav_datalist` WHERE `id` = 96 LIMIT 1   [ RunTime:0.0001s ]
SQL: SELECT `high_name` FROM `nav_high_level` WHERE `id` = 15 LIMIT 1   [ RunTime:0.0002s ]
INFO: Run Behavior\ParseTemplateBehavior [ RunTime:0.022093s ]
INFO: [ view_parse ] --END-- [ RunTime:0.022106s ]
INFO: [ view_filter ] --START--
INFO: Run Behavior\WriteHtmlCacheBehavior [ RunTime:0.000268s ]
INFO: [ view_filter ] --END-- [ RunTime:0.000279s ]
INFO: [ app_end ] --START--
INFO: Run Behavior\ShowPageTraceBehavior [ RunTime:0.000318s ]
INFO: [ app_end ] --END-- [ RunTime:0.000332s ]

[ 2020-04-14T14:15:25+08:00 ] 127.0.0.1 /index.php/Admin/Public/logout.html
INFO: [ app_init ] --START--
INFO: Run Behavior\BuildLiteBehavior [ RunTime:0.000004s ]
INFO: [ app_init ] --END-- [ RunTime:0.000248s ]
INFO: [ app_begin ] --START--
INFO: Run Behavior\ReadHtmlCacheBehavior [ RunTime:0.000342s ]
INFO: [ app_begin ] --END-- [ RunTime:0.000358s ]

[ 2020-04-14T14:15:25+08:00 ] 127.0.0.1 /index.php/Admin/Public/login.html
INFO: [ app_init ] --START--
INFO: Run Behavior\BuildLiteBehavior [ RunTime:0.000005s ]
INFO: [ app_init ] --END-- [ RunTime:0.000197s ]
INFO: [ app_begin ] --START--
INFO: Run Behavior\ReadHtmlCacheBehavior [ RunTime:0.000282s ]
INFO: [ app_begin ] --END-- [ RunTime:0.000296s ]
INFO: [ view_parse ] --START--
INFO: [ template_filter ] --START--
INFO: Run Behavior\ContentReplaceBehavior [ RunTime:0.000028s ]
INFO: [ template_filter ] --END-- [ RunTime:0.000046s ]
INFO: Run Behavior\ParseTemplateBehavior [ RunTime:0.004254s ]
INFO: [ view_parse ] --END-- [ RunTime:0.004271s ]
INFO: [ view_filter ] --START--
INFO: Run Behavior\WriteHtmlCacheBehavior [ RunTime:0.000242s ]
INFO: [ view_filter ] --END-- [ RunTime:0.000255s ]
INFO: [ app_end ] --START--
INFO: Run Behavior\ShowPageTraceBehavior [ RunTime:0.000365s ]
INFO: [ app_end ] --END-- [ RunTime:0.000378s ]

[ 2020-04-14T14:15:25+08:00 ] 127.0.0.1 /index.php/Admin/Public/verify.html
INFO: [ app_init ] --START--
INFO: Run Behavior\BuildLiteBehavior [ RunTime:0.000005s ]
INFO: [ app_init ] --END-- [ RunTime:0.000207s ]
INFO: [ app_begin ] --START--
INFO: Run Behavior\ReadHtmlCacheBehavior [ RunTime:0.000293s ]
INFO: [ app_begin ] --END-- [ RunTime:0.000309s ]
INFO: [ app_end ] --START--
INFO: Run Behavior\ShowPageTraceBehavior [ RunTime:0.000406s ]
INFO: [ app_end ] --END-- [ RunTime:0.000430s ]

[ 2020-04-14T14:15:40+08:00 ] 127.0.0.1 /index.php/Admin/Public/checkLogin.html
INFO: [ app_init ] --START--
INFO: Run Behavior\BuildLiteBehavior [ RunTime:0.000004s ]
INFO: [ app_init ] --END-- [ RunTime:0.000190s ]
INFO: [ app_begin ] --START--
INFO: Run Behavior\ReadHtmlCacheBehavior [ RunTime:0.000343s ]
INFO: [ app_begin ] --END-- [ RunTime:0.000357s ]
SQL: SHOW COLUMNS FROM `nav_admin` [ RunTime:0.0148s ]
SQL: SELECT * FROM `nav_admin` WHERE `username` = 'mr' LIMIT 1   [ RunTime:0.0003s ]

[ 2020-04-14T14:15:41+08:00 ] 127.0.0.1 /index.php/Admin/Index/index.html
INFO: [ app_init ] --START--
INFO: Run Behavior\BuildLiteBehavior [ RunTime:0.000005s ]
INFO: [ app_init ] --END-- [ RunTime:0.000200s ]
INFO: [ app_begin ] --START--
INFO: Run Behavior\ReadHtmlCacheBehavior [ RunTime:0.000328s ]
INFO: [ app_begin ] --END-- [ RunTime:0.000344s ]

[ 2020-04-14T14:15:42+08:00 ] 127.0.0.1 /index.php/Admin/Datalist/lists.html
INFO: [ app_init ] --START--
INFO: Run Behavior\BuildLiteBehavior [ RunTime:0.000004s ]
INFO: [ app_init ] --END-- [ RunTime:0.000201s ]
INFO: [ app_begin ] --START--
INFO: Run Behavior\ReadHtmlCacheBehavior [ RunTime:0.000291s ]
INFO: [ app_begin ] --END-- [ RunTime:0.000307s ]
SQL: SHOW COLUMNS FROM `nav_datalist` [ RunTime:0.0145s ]
NOTIC: [8] Undefined variable: map D:\phptool\myphp_www\PHPTutorial\WWW\CodeNow\hao365\Application\Admin\Controller\DatalistController.class.php 第 16 行.
SQL: SELECT COUNT(*) AS tp_count FROM `nav_datalist` LIMIT 1   [ RunTime:0.0001s ]
NOTIC: [8] Undefined variable: map D:\phptool\myphp_www\PHPTutorial\WWW\CodeNow\hao365\Application\Admin\Controller\DatalistController.class.php 第 20 行.
SQL: SELECT * FROM `nav_datalist` ORDER BY sort desc LIMIT 0,10   [ RunTime:0.0003s ]
INFO: [ view_parse ] --START--
NOTIC: [2] file_get_contents(./Application/Admin/View/Common/admin/footer.html): failed to open stream: No such file or directory D:\phptool\myphp_www\PHPTutorial\WWW\CodeNow\hao365\ThinkPHP\Library\Think\Template.class.php 第 696 行.
INFO: [ template_filter ] --START--
INFO: Run Behavior\ContentReplaceBehavior [ RunTime:0.000038s ]
INFO: [ template_filter ] --END-- [ RunTime:0.000052s ]
NOTIC: [8] Undefined variable: keyword D:\phptool\myphp_www\PHPTutorial\WWW\CodeNow\hao365\Application\Runtime\Cache\Admin\2bccd9d07dc58baf32219c8a927dec8f.php 第 141 行.
NOTIC: [8] Undefined index: p D:\phptool\myphp_www\PHPTutorial\WWW\CodeNow\hao365\Application\Runtime\Cache\Admin\2bccd9d07dc58baf32219c8a927dec8f.php 第 152 行.
NOTIC: [8] Undefined index: entity_id D:\phptool\myphp_www\PHPTutorial\WWW\CodeNow\hao365\Application\Runtime\Cache\Admin\2bccd9d07dc58baf32219c8a927dec8f.php 第 173 行.
NOTIC: [8] Undefined index: entity_id D:\phptool\myphp_www\PHPTutorial\WWW\CodeNow\hao365\Application\Runtime\Cache\Admin\2bccd9d07dc58baf32219c8a927dec8f.php 第 174 行.
SQL: SELECT * FROM `nav_datalist` WHERE `id` = 97 LIMIT 1   [ RunTime:0.0003s ]
SQL: SHOW COLUMNS FROM `nav_middle_level` [ RunTime:0.0048s ]
SQL: SELECT `id`,`high_id`,`middle_name` FROM `nav_middle_level` WHERE `id` = 17 LIMIT 1   [ RunTime:0.0002s ]
SQL: SHOW COLUMNS FROM `nav_high_level` [ RunTime:0.0042s ]
SQL: SELECT `high_name` FROM `nav_high_level` WHERE `id` = 15 LIMIT 1   [ RunTime:0.0002s ]
SQL: SHOW COLUMNS FROM `nav_elementary_level` [ RunTime:0.0046s ]
SQL: SELECT `elementary_name` FROM `nav_elementary_level` WHERE `id` = 22 LIMIT 1   [ RunTime:0.0002s ]
NOTIC: [8] Undefined index: entity_id D:\phptool\myphp_www\PHPTutorial\WWW\CodeNow\hao365\Application\Runtime\Cache\Admin\2bccd9d07dc58baf32219c8a927dec8f.php 第 173 行.
NOTIC: [8] Undefined index: entity_id D:\phptool\myphp_www\PHPTutorial\WWW\CodeNow\hao365\Application\Runtime\Cache\Admin\2bccd9d07dc58baf32219c8a927dec8f.php 第 174 行.
SQL: SELECT * FROM `nav_datalist` WHERE `id` = 91 LIMIT 1   [ RunTime:0.0002s ]
SQL: SELECT `high_name` FROM `nav_high_level` WHERE `id` = 16 LIMIT 1   [ RunTime:0.0002s ]
NOTIC: [8] Undefined index: entity_id D:\phptool\myphp_www\PHPTutorial\WWW\CodeNow\hao365\Application\Runtime\Cache\Admin\2bccd9d07dc58baf32219c8a927dec8f.php 第 173 行.
NOTIC: [8] Undefined index: entity_id D:\phptool\myphp_www\PHPTutorial\WWW\CodeNow\hao365\Application\Runtime\Cache\Admin\2bccd9d07dc58baf32219c8a927dec8f.php 第 174 行.
SQL: SELECT * FROM `nav_datalist` WHERE `id` = 93 LIMIT 1   [ RunTime:0.0002s ]
SQL: SELECT `id`,`high_id`,`middle_name` FROM `nav_middle_level` WHERE `id` = 22 LIMIT 1   [ RunTime:0.0002s ]
SQL: SELECT `high_name` FROM `nav_high_level` WHERE `id` = 15 LIMIT 1   [ RunTime:0.0002s ]
SQL: SELECT `elementary_name` FROM `nav_elementary_level` WHERE `id` = 25 LIMIT 1   [ RunTime:0.0002s ]
NOTIC: [8] Undefined index: entity_id D:\phptool\myphp_www\PHPTutorial\WWW\CodeNow\hao365\Application\Runtime\Cache\Admin\2bccd9d07dc58baf32219c8a927dec8f.php 第 173 行.
NOTIC: [8] Undefined index: entity_id D:\phptool\myphp_www\PHPTutorial\WWW\CodeNow\hao365\Application\Runtime\Cache\Admin\2bccd9d07dc58baf32219c8a927dec8f.php 第 174 行.
SQL: SELECT * FROM `nav_datalist` WHERE `id` = 94 LIMIT 1   [ RunTime:0.0002s ]
SQL: SELECT `id`,`high_id`,`middle_name` FROM `nav_middle_level` WHERE `id` = 22 LIMIT 1   [ RunTime:0.0002s ]
SQL: SELECT `high_name` FROM `nav_high_level` WHERE `id` = 15 LIMIT 1   [ RunTime:0.0002s ]
SQL: SELECT `elementary_name` FROM `nav_elementary_level` WHERE `id` = 25 LIMIT 1   [ RunTime:0.0001s ]
NOTIC: [8] Undefined index: entity_id D:\phptool\myphp_www\PHPTutorial\WWW\CodeNow\hao365\Application\Runtime\Cache\Admin\2bccd9d07dc58baf32219c8a927dec8f.php 第 173 行.
NOTIC: [8] Undefined index: entity_id D:\phptool\myphp_www\PHPTutorial\WWW\CodeNow\hao365\Application\Runtime\Cache\Admin\2bccd9d07dc58baf32219c8a927dec8f.php 第 174 行.
SQL: SELECT * FROM `nav_datalist` WHERE `id` = 9 LIMIT 1   [ RunTime:0.0002s ]
SQL: SELECT `id`,`high_id`,`middle_name` FROM `nav_middle_level` WHERE `id` = 17 LIMIT 1   [ RunTime:0.0001s ]
SQL: SELECT `high_name` FROM `nav_high_level` WHERE `id` = 15 LIMIT 1   [ RunTime:0.0002s ]
SQL: SELECT `elementary_name` FROM `nav_elementary_level` WHERE `id` = 21 LIMIT 1   [ RunTime:0.0001s ]
NOTIC: [8] Undefined index: entity_id D:\phptool\myphp_www\PHPTutorial\WWW\CodeNow\hao365\Application\Runtime\Cache\Admin\2bccd9d07dc58baf32219c8a927dec8f.php 第 173 行.
NOTIC: [8] Undefined index: entity_id D:\phptool\myphp_www\PHPTutorial\WWW\CodeNow\hao365\Application\Runtime\Cache\Admin\2bccd9d07dc58baf32219c8a927dec8f.php 第 174 行.
SQL: SELECT * FROM `nav_datalist` WHERE `id` = 90 LIMIT 1   [ RunTime:0.0002s ]
SQL: SELECT `id`,`high_id`,`middle_name` FROM `nav_middle_level` WHERE `id` = 17 LIMIT 1   [ RunTime:0.0001s ]
SQL: SELECT `high_name` FROM `nav_high_level` WHERE `id` = 15 LIMIT 1   [ RunTime:0.0001s ]
SQL: SELECT `elementary_name` FROM `nav_elementary_level` WHERE `id` = 22 LIMIT 1   [ RunTime:0.0001s ]
NOTIC: [8] Undefined index: entity_id D:\phptool\myphp_www\PHPTutorial\WWW\CodeNow\hao365\Application\Runtime\Cache\Admin\2bccd9d07dc58baf32219c8a927dec8f.php 第 173 行.
NOTIC: [8] Undefined index: entity_id D:\phptool\myphp_www\PHPTutorial\WWW\CodeNow\hao365\Application\Runtime\Cache\Admin\2bccd9d07dc58baf32219c8a927dec8f.php 第 174 行.
SQL: SELECT * FROM `nav_datalist` WHERE `id` = 92 LIMIT 1   [ RunTime:0.0001s ]
SQL: SELECT `id`,`high_id`,`middle_name` FROM `nav_middle_level` WHERE `id` = 22 LIMIT 1   [ RunTime:0.0001s ]
SQL: SELECT `high_name` FROM `nav_high_level` WHERE `id` = 15 LIMIT 1   [ RunTime:0.0001s ]
SQL: SELECT `elementary_name` FROM `nav_elementary_level` WHERE `id` = 24 LIMIT 1   [ RunTime:0.0001s ]
NOTIC: [8] Undefined index: entity_id D:\phptool\myphp_www\PHPTutorial\WWW\CodeNow\hao365\Application\Runtime\Cache\Admin\2bccd9d07dc58baf32219c8a927dec8f.php 第 173 行.
NOTIC: [8] Undefined index: entity_id D:\phptool\myphp_www\PHPTutorial\WWW\CodeNow\hao365\Application\Runtime\Cache\Admin\2bccd9d07dc58baf32219c8a927dec8f.php 第 174 行.
SQL: SELECT * FROM `nav_datalist` WHERE `id` = 8 LIMIT 1   [ RunTime:0.0002s ]
SQL: SELECT `id`,`high_id`,`middle_name` FROM `nav_middle_level` WHERE `id` = 17 LIMIT 1   [ RunTime:0.0001s ]
SQL: SELECT `high_name` FROM `nav_high_level` WHERE `id` = 15 LIMIT 1   [ RunTime:0.0001s ]
SQL: SELECT `elementary_name` FROM `nav_elementary_level` WHERE `id` = 21 LIMIT 1   [ RunTime:0.0001s ]
NOTIC: [8] Undefined index: entity_id D:\phptool\myphp_www\PHPTutorial\WWW\CodeNow\hao365\Application\Runtime\Cache\Admin\2bccd9d07dc58baf32219c8a927dec8f.php 第 173 行.
NOTIC: [8] Undefined index: entity_id D:\phptool\myphp_www\PHPTutorial\WWW\CodeNow\hao365\Application\Runtime\Cache\Admin\2bccd9d07dc58baf32219c8a927dec8f.php 第 174 行.
SQL: SELECT * FROM `nav_datalist` WHERE `id` = 96 LIMIT 1   [ RunTime:0.0002s ]
SQL: SELECT `high_name` FROM `nav_high_level` WHERE `id` = 15 LIMIT 1   [ RunTime:0.0002s ]
INFO: Run Behavior\ParseTemplateBehavior [ RunTime:0.026089s ]
INFO: [ view_parse ] --END-- [ RunTime:0.026108s ]
INFO: [ view_filter ] --START--
INFO: Run Behavior\WriteHtmlCacheBehavior [ RunTime:0.000587s ]
INFO: [ view_filter ] --END-- [ RunTime:0.000605s ]
INFO: [ app_end ] --START--
INFO: Run Behavior\ShowPageTraceBehavior [ RunTime:0.000532s ]
INFO: [ app_end ] --END-- [ RunTime:0.000561s ]

[ 2020-04-14T14:15:48+08:00 ] 127.0.0.1 /index.php/Admin/Datalist/lists.html
INFO: [ app_init ] --START--
INFO: Run Behavior\BuildLiteBehavior [ RunTime:0.000004s ]
INFO: [ app_init ] --END-- [ RunTime:0.000197s ]
INFO: [ app_begin ] --START--
INFO: Run Behavior\ReadHtmlCacheBehavior [ RunTime:0.000276s ]
INFO: [ app_begin ] --END-- [ RunTime:0.000291s ]
SQL: SHOW COLUMNS FROM `nav_datalist` [ RunTime:0.0135s ]
NOTIC: [8] Undefined variable: map D:\phptool\myphp_www\PHPTutorial\WWW\CodeNow\hao365\Application\Admin\Controller\DatalistController.class.php 第 16 行.
SQL: SELECT COUNT(*) AS tp_count FROM `nav_datalist` LIMIT 1   [ RunTime:0.0002s ]
NOTIC: [8] Undefined variable: map D:\phptool\myphp_www\PHPTutorial\WWW\CodeNow\hao365\Application\Admin\Controller\DatalistController.class.php 第 20 行.
SQL: SELECT * FROM `nav_datalist` ORDER BY sort desc LIMIT 0,10   [ RunTime:0.0003s ]
INFO: [ view_parse ] --START--
NOTIC: [2] file_get_contents(./Application/Admin/View/Common/admin/footer.html): failed to open stream: No such file or directory D:\phptool\myphp_www\PHPTutorial\WWW\CodeNow\hao365\ThinkPHP\Library\Think\Template.class.php 第 696 行.
INFO: [ template_filter ] --START--
INFO: Run Behavior\ContentReplaceBehavior [ RunTime:0.000038s ]
INFO: [ template_filter ] --END-- [ RunTime:0.000051s ]
NOTIC: [8] Undefined variable: keyword D:\phptool\myphp_www\PHPTutorial\WWW\CodeNow\hao365\Application\Runtime\Cache\Admin\2bccd9d07dc58baf32219c8a927dec8f.php 第 141 行.
NOTIC: [8] Undefined index: p D:\phptool\myphp_www\PHPTutorial\WWW\CodeNow\hao365\Application\Runtime\Cache\Admin\2bccd9d07dc58baf32219c8a927dec8f.php 第 152 行.
NOTIC: [8] Undefined index: entity_id D:\phptool\myphp_www\PHPTutorial\WWW\CodeNow\hao365\Application\Runtime\Cache\Admin\2bccd9d07dc58baf32219c8a927dec8f.php 第 173 行.
NOTIC: [8] Undefined index: entity_id D:\phptool\myphp_www\PHPTutorial\WWW\CodeNow\hao365\Application\Runtime\Cache\Admin\2bccd9d07dc58baf32219c8a927dec8f.php 第 174 行.
SQL: SELECT * FROM `nav_datalist` WHERE `id` = 97 LIMIT 1   [ RunTime:0.0002s ]
SQL: SHOW COLUMNS FROM `nav_middle_level` [ RunTime:0.0040s ]
SQL: SELECT `id`,`high_id`,`middle_name` FROM `nav_middle_level` WHERE `id` = 17 LIMIT 1   [ RunTime:0.0003s ]
SQL: SHOW COLUMNS FROM `nav_high_level` [ RunTime:0.0042s ]
SQL: SELECT `high_name` FROM `nav_high_level` WHERE `id` = 15 LIMIT 1   [ RunTime:0.0002s ]
SQL: SHOW COLUMNS FROM `nav_elementary_level` [ RunTime:0.0043s ]
SQL: SELECT `elementary_name` FROM `nav_elementary_level` WHERE `id` = 22 LIMIT 1   [ RunTime:0.0002s ]
NOTIC: [8] Undefined index: entity_id D:\phptool\myphp_www\PHPTutorial\WWW\CodeNow\hao365\Application\Runtime\Cache\Admin\2bccd9d07dc58baf32219c8a927dec8f.php 第 173 行.
NOTIC: [8] Undefined index: entity_id D:\phptool\myphp_www\PHPTutorial\WWW\CodeNow\hao365\Application\Runtime\Cache\Admin\2bccd9d07dc58baf32219c8a927dec8f.php 第 174 行.
SQL: SELECT * FROM `nav_datalist` WHERE `id` = 91 LIMIT 1   [ RunTime:0.0002s ]
SQL: SELECT `high_name` FROM `nav_high_level` WHERE `id` = 16 LIMIT 1   [ RunTime:0.0001s ]
NOTIC: [8] Undefined index: entity_id D:\phptool\myphp_www\PHPTutorial\WWW\CodeNow\hao365\Application\Runtime\Cache\Admin\2bccd9d07dc58baf32219c8a927dec8f.php 第 173 行.
NOTIC: [8] Undefined index: entity_id D:\phptool\myphp_www\PHPTutorial\WWW\CodeNow\hao365\Application\Runtime\Cache\Admin\2bccd9d07dc58baf32219c8a927dec8f.php 第 174 行.
SQL: SELECT * FROM `nav_datalist` WHERE `id` = 93 LIMIT 1   [ RunTime:0.0001s ]
SQL: SELECT `id`,`high_id`,`middle_name` FROM `nav_middle_level` WHERE `id` = 22 LIMIT 1   [ RunTime:0.0001s ]
SQL: SELECT `high_name` FROM `nav_high_level` WHERE `id` = 15 LIMIT 1   [ RunTime:0.0002s ]
SQL: SELECT `elementary_name` FROM `nav_elementary_level` WHERE `id` = 25 LIMIT 1   [ RunTime:0.0001s ]
NOTIC: [8] Undefined index: entity_id D:\phptool\myphp_www\PHPTutorial\WWW\CodeNow\hao365\Application\Runtime\Cache\Admin\2bccd9d07dc58baf32219c8a927dec8f.php 第 173 行.
NOTIC: [8] Undefined index: entity_id D:\phptool\myphp_www\PHPTutorial\WWW\CodeNow\hao365\Application\Runtime\Cache\Admin\2bccd9d07dc58baf32219c8a927dec8f.php 第 174 行.
SQL: SELECT * FROM `nav_datalist` WHERE `id` = 94 LIMIT 1   [ RunTime:0.0001s ]
SQL: SELECT `id`,`high_id`,`middle_name` FROM `nav_middle_level` WHERE `id` = 22 LIMIT 1   [ RunTime:0.0001s ]
SQL: SELECT `high_name` FROM `nav_high_level` WHERE `id` = 15 LIMIT 1   [ RunTime:0.0001s ]
SQL: SELECT `elementary_name` FROM `nav_elementary_level` WHERE `id` = 25 LIMIT 1   [ RunTime:0.0001s ]
NOTIC: [8] Undefined index: entity_id D:\phptool\myphp_www\PHPTutorial\WWW\CodeNow\hao365\Application\Runtime\Cache\Admin\2bccd9d07dc58baf32219c8a927dec8f.php 第 173 行.
NOTIC: [8] Undefined index: entity_id D:\phptool\myphp_www\PHPTutorial\WWW\CodeNow\hao365\Application\Runtime\Cache\Admin\2bccd9d07dc58baf32219c8a927dec8f.php 第 174 行.
SQL: SELECT * FROM `nav_datalist` WHERE `id` = 9 LIMIT 1   [ RunTime:0.0001s ]
SQL: SELECT `id`,`high_id`,`middle_name` FROM `nav_middle_level` WHERE `id` = 17 LIMIT 1   [ RunTime:0.0001s ]
SQL: SELECT `high_name` FROM `nav_high_level` WHERE `id` = 15 LIMIT 1   [ RunTime:0.0001s ]
SQL: SELECT `elementary_name` FROM `nav_elementary_level` WHERE `id` = 21 LIMIT 1   [ RunTime:0.0001s ]
NOTIC: [8] Undefined index: entity_id D:\phptool\myphp_www\PHPTutorial\WWW\CodeNow\hao365\Application\Runtime\Cache\Admin\2bccd9d07dc58baf32219c8a927dec8f.php 第 173 行.
NOTIC: [8] Undefined index: entity_id D:\phptool\myphp_www\PHPTutorial\WWW\CodeNow\hao365\Application\Runtime\Cache\Admin\2bccd9d07dc58baf32219c8a927dec8f.php 第 174 行.
SQL: SELECT * FROM `nav_datalist` WHERE `id` = 90 LIMIT 1   [ RunTime:0.0001s ]
SQL: SELECT `id`,`high_id`,`middle_name` FROM `nav_middle_level` WHERE `id` = 17 LIMIT 1   [ RunTime:0.0001s ]
SQL: SELECT `high_name` FROM `nav_high_level` WHERE `id` = 15 LIMIT 1   [ RunTime:0.0001s ]
SQL: SELECT `elementary_name` FROM `nav_elementary_level` WHERE `id` = 22 LIMIT 1   [ RunTime:0.0001s ]
NOTIC: [8] Undefined index: entity_id D:\phptool\myphp_www\PHPTutorial\WWW\CodeNow\hao365\Application\Runtime\Cache\Admin\2bccd9d07dc58baf32219c8a927dec8f.php 第 173 行.
NOTIC: [8] Undefined index: entity_id D:\phptool\myphp_www\PHPTutorial\WWW\CodeNow\hao365\Application\Runtime\Cache\Admin\2bccd9d07dc58baf32219c8a927dec8f.php 第 174 行.
SQL: SELECT * FROM `nav_datalist` WHERE `id` = 92 LIMIT 1   [ RunTime:0.0001s ]
SQL: SELECT `id`,`high_id`,`middle_name` FROM `nav_middle_level` WHERE `id` = 22 LIMIT 1   [ RunTime:0.0003s ]
SQL: SELECT `high_name` FROM `nav_high_level` WHERE `id` = 15 LIMIT 1   [ RunTime:0.0001s ]
SQL: SELECT `elementary_name` FROM `nav_elementary_level` WHERE `id` = 24 LIMIT 1   [ RunTime:0.0001s ]
NOTIC: [8] Undefined index: entity_id D:\phptool\myphp_www\PHPTutorial\WWW\CodeNow\hao365\Application\Runtime\Cache\Admin\2bccd9d07dc58baf32219c8a927dec8f.php 第 173 行.
NOTIC: [8] Undefined index: entity_id D:\phptool\myphp_www\PHPTutorial\WWW\CodeNow\hao365\Application\Runtime\Cache\Admin\2bccd9d07dc58baf32219c8a927dec8f.php 第 174 行.
SQL: SELECT * FROM `nav_datalist` WHERE `id` = 8 LIMIT 1   [ RunTime:0.0001s ]
SQL: SELECT `id`,`high_id`,`middle_name` FROM `nav_middle_level` WHERE `id` = 17 LIMIT 1   [ RunTime:0.0001s ]
SQL: SELECT `high_name` FROM `nav_high_level` WHERE `id` = 15 LIMIT 1   [ RunTime:0.0001s ]
SQL: SELECT `elementary_name` FROM `nav_elementary_level` WHERE `id` = 21 LIMIT 1   [ RunTime:0.0001s ]
NOTIC: [8] Undefined index: entity_id D:\phptool\myphp_www\PHPTutorial\WWW\CodeNow\hao365\Application\Runtime\Cache\Admin\2bccd9d07dc58baf32219c8a927dec8f.php 第 173 行.
NOTIC: [8] Undefined index: entity_id D:\phptool\myphp_www\PHPTutorial\WWW\CodeNow\hao365\Application\Runtime\Cache\Admin\2bccd9d07dc58baf32219c8a927dec8f.php 第 174 行.
SQL: SELECT * FROM `nav_datalist` WHERE `id` = 96 LIMIT 1   [ RunTime:0.0002s ]
SQL: SELECT `high_name` FROM `nav_high_level` WHERE `id` = 15 LIMIT 1   [ RunTime:0.0001s ]
INFO: Run Behavior\ParseTemplateBehavior [ RunTime:0.023213s ]
INFO: [ view_parse ] --END-- [ RunTime:0.023225s ]
INFO: [ view_filter ] --START--
INFO: Run Behavior\WriteHtmlCacheBehavior [ RunTime:0.000280s ]
INFO: [ view_filter ] --END-- [ RunTime:0.000291s ]
INFO: [ app_end ] --START--
INFO: Run Behavior\ShowPageTraceBehavior [ RunTime:0.000369s ]
INFO: [ app_end ] --END-- [ RunTime:0.000383s ]

[ 2020-04-14T16:24:50+08:00 ] 127.0.0.1 /index.php/Admin/HighLevel/lists.html
INFO: [ app_init ] --START--
INFO: Run Behavior\BuildLiteBehavior [ RunTime:0.000006s ]
INFO: [ app_init ] --END-- [ RunTime:0.000781s ]
INFO: [ app_begin ] --START--
INFO: Run Behavior\ReadHtmlCacheBehavior [ RunTime:0.000682s ]
INFO: [ app_begin ] --END-- [ RunTime:0.000708s ]
SQL: SHOW COLUMNS FROM `nav_high_level` [ RunTime:0.0096s ]
SQL: SELECT COUNT(*) AS tp_count FROM `nav_high_level` LIMIT 1   [ RunTime:0.0002s ]
NOTIC: [8] Undefined variable: map D:\phptool\myphp_www\PHPTutorial\WWW\CodeNow\hao365\Application\Admin\Controller\HighLevelController.class.php 第 21 行.
SQL: SELECT * FROM `nav_high_level` ORDER BY sort desc LIMIT 0,10   [ RunTime:0.0004s ]
INFO: [ view_parse ] --START--
NOTIC: [2] file_get_contents(./Application/Admin/View/Common/admin/footer.html): failed to open stream: No such file or directory D:\phptool\myphp_www\PHPTutorial\WWW\CodeNow\hao365\ThinkPHP\Library\Think\Template.class.php 第 696 行.
INFO: [ template_filter ] --START--
INFO: Run Behavior\ContentReplaceBehavior [ RunTime:0.000834s ]
INFO: [ template_filter ] --END-- [ RunTime:0.000855s ]
NOTIC: [8] Undefined variable: keyword D:\phptool\myphp_www\PHPTutorial\WWW\CodeNow\hao365\Application\Runtime\Cache\Admin\9c2beb313b914c6391b3fbbcdfe3fff0.php 第 141 行.
NOTIC: [8] Undefined index: p D:\phptool\myphp_www\PHPTutorial\WWW\CodeNow\hao365\Application\Runtime\Cache\Admin\9c2beb313b914c6391b3fbbcdfe3fff0.php 第 152 行.
NOTIC: [8] Undefined index: entity_id D:\phptool\myphp_www\PHPTutorial\WWW\CodeNow\hao365\Application\Runtime\Cache\Admin\9c2beb313b914c6391b3fbbcdfe3fff0.php 第 172 行.
NOTIC: [8] Undefined index: entity_id D:\phptool\myphp_www\PHPTutorial\WWW\CodeNow\hao365\Application\Runtime\Cache\Admin\9c2beb313b914c6391b3fbbcdfe3fff0.php 第 173 行.
NOTIC: [8] Undefined index: entity_id D:\phptool\myphp_www\PHPTutorial\WWW\CodeNow\hao365\Application\Runtime\Cache\Admin\9c2beb313b914c6391b3fbbcdfe3fff0.php 第 172 行.
NOTIC: [8] Undefined index: entity_id D:\phptool\myphp_www\PHPTutorial\WWW\CodeNow\hao365\Application\Runtime\Cache\Admin\9c2beb313b914c6391b3fbbcdfe3fff0.php 第 173 行.
NOTIC: [8] Undefined index: entity_id D:\phptool\myphp_www\PHPTutorial\WWW\CodeNow\hao365\Application\Runtime\Cache\Admin\9c2beb313b914c6391b3fbbcdfe3fff0.php 第 172 行.
NOTIC: [8] Undefined index: entity_id D:\phptool\myphp_www\PHPTutorial\WWW\CodeNow\hao365\Application\Runtime\Cache\Admin\9c2beb313b914c6391b3fbbcdfe3fff0.php 第 173 行.
NOTIC: [8] Undefined index: entity_id D:\phptool\myphp_www\PHPTutorial\WWW\CodeNow\hao365\Application\Runtime\Cache\Admin\9c2beb313b914c6391b3fbbcdfe3fff0.php 第 172 行.
NOTIC: [8] Undefined index: entity_id D:\phptool\myphp_www\PHPTutorial\WWW\CodeNow\hao365\Application\Runtime\Cache\Admin\9c2beb313b914c6391b3fbbcdfe3fff0.php 第 173 行.
NOTIC: [8] Undefined index: entity_id D:\phptool\myphp_www\PHPTutorial\WWW\CodeNow\hao365\Application\Runtime\Cache\Admin\9c2beb313b914c6391b3fbbcdfe3fff0.php 第 172 行.
NOTIC: [8] Undefined index: entity_id D:\phptool\myphp_www\PHPTutorial\WWW\CodeNow\hao365\Application\Runtime\Cache\Admin\9c2beb313b914c6391b3fbbcdfe3fff0.php 第 173 行.
NOTIC: [8] Undefined index: entity_id D:\phptool\myphp_www\PHPTutorial\WWW\CodeNow\hao365\Application\Runtime\Cache\Admin\9c2beb313b914c6391b3fbbcdfe3fff0.php 第 172 行.
NOTIC: [8] Undefined index: entity_id D:\phptool\myphp_www\PHPTutorial\WWW\CodeNow\hao365\Application\Runtime\Cache\Admin\9c2beb313b914c6391b3fbbcdfe3fff0.php 第 173 行.
INFO: Run Behavior\ParseTemplateBehavior [ RunTime:0.015251s ]
INFO: [ view_parse ] --END-- [ RunTime:0.015274s ]
INFO: [ view_filter ] --START--
INFO: Run Behavior\WriteHtmlCacheBehavior [ RunTime:0.000597s ]
INFO: [ view_filter ] --END-- [ RunTime:0.000614s ]
INFO: [ app_end ] --START--
INFO: Run Behavior\ShowPageTraceBehavior [ RunTime:0.000682s ]
INFO: [ app_end ] --END-- [ RunTime:0.000702s ]

