[ 2020-04-14T13:40:48+08:00 ] 127.0.0.1 /index.php
INFO: [ app_init ] --START--
INFO: Run Behavior\BuildLiteBehavior [ RunTime:0.000006s ]
INFO: [ app_init ] --END-- [ RunTime:0.001115s ]
INFO: [ app_begin ] --START--
INFO: Run Behavior\ReadHtmlCacheBehavior [ RunTime:0.000544s ]
INFO: [ app_begin ] --END-- [ RunTime:0.000561s ]
SQL: SHOW COLUMNS FROM `nav_high_level` [ RunTime:0.0049s ]
SQL: SELECT * FROM `nav_high_level` WHERE `is_display` = 1 AND `layout` = 'left' ORDER BY sort asc  [ RunTime:0.0003s ]
SQL: SHOW COLUMNS FROM `nav_middle_level` [ RunTime:0.0043s ]
SQL: SELECT * FROM `nav_middle_level` WHERE `high_id` = 13  [ RunTime:0.0002s ]
SQL: SELECT * FROM `nav_middle_level` WHERE `high_id` = 15  [ RunTime:0.0002s ]
SQL: SELECT * FROM `nav_middle_level` WHERE `high_id` = 12  [ RunTime:0.0002s ]
SQL: SELECT * FROM `nav_middle_level` WHERE `high_id` = 18  [ RunTime:0.0002s ]
SQL: SELECT * FROM `nav_middle_level` WHERE `high_id` = 19  [ RunTime:0.0002s ]
SQL: SELECT * FROM `nav_middle_level` WHERE `is_recommend` = 1  [ RunTime:0.0002s ]
SQL: SHOW COLUMNS FROM `nav_datalist` [ RunTime:0.0041s ]
SQL: SELECT * FROM `nav_datalist` WHERE `middle_id` = 17  [ RunTime:0.0002s ]
SQL: SELECT * FROM `nav_datalist` WHERE `middle_id` = 22  [ RunTime:0.0002s ]
SQL: SHOW COLUMNS FROM `nav_hot` [ RunTime:0.0041s ]
SQL: SELECT * FROM `nav_hot` WHERE `type` = 0 ORDER BY sort  [ RunTime:0.0004s ]
SQL: SELECT * FROM `nav_hot` WHERE `type` = 1 ORDER BY sort  [ RunTime:0.0003s ]
SQL: SELECT * FROM `nav_hot` WHERE `type` = 2 ORDER BY sort  [ RunTime:0.0002s ]
SQL: SELECT * FROM `nav_high_level` WHERE `is_display` = 1 AND `layout` = 'bottom' ORDER BY id asc  [ RunTime:0.0002s ]
SQL: SELECT * FROM `nav_datalist` WHERE `high_id` = 16 AND `is_recommend` = 1  [ RunTime:0.0002s ]
INFO: [ view_parse ] --START--
INFO: [ template_filter ] --START--
INFO: Run Behavior\ContentReplaceBehavior [ RunTime:0.001004s ]
INFO: [ template_filter ] --END-- [ RunTime:0.001023s ]
SQL: SELECT `middle_name` FROM `nav_middle_level` WHERE `id` = 17 LIMIT 1   [ RunTime:0.0003s ]
SQL: SELECT `middle_name` FROM `nav_middle_level` WHERE `id` = 22 LIMIT 1   [ RunTime:0.0002s ]
INFO: Run Behavior\ParseTemplateBehavior [ RunTime:0.014047s ]
INFO: [ view_parse ] --END-- [ RunTime:0.014060s ]
INFO: [ view_filter ] --START--
INFO: Run Behavior\WriteHtmlCacheBehavior [ RunTime:0.000478s ]
INFO: [ view_filter ] --END-- [ RunTime:0.000495s ]
INFO: [ app_end ] --START--
INFO: Run Behavior\ShowPageTraceBehavior [ RunTime:0.000731s ]
INFO: [ app_end ] --END-- [ RunTime:0.000747s ]

[ 2020-04-14T13:44:43+08:00 ] 127.0.0.1 /index.php/Home/Index/more/middle_id/17.html
INFO: [ app_init ] --START--
INFO: Run Behavior\BuildLiteBehavior [ RunTime:0.000009s ]
INFO: [ app_init ] --END-- [ RunTime:0.000362s ]
INFO: [ app_begin ] --START--
INFO: Run Behavior\ReadHtmlCacheBehavior [ RunTime:0.000415s ]
INFO: [ app_begin ] --END-- [ RunTime:0.000447s ]
SQL: SHOW COLUMNS FROM `nav_elementary_level` [ RunTime:0.0145s ]
SQL: SELECT * FROM `nav_elementary_level` WHERE `middle_id` = 17  [ RunTime:0.0003s ]
SQL: SHOW COLUMNS FROM `nav_datalist` [ RunTime:0.0038s ]
SQL: SELECT * FROM `nav_datalist` WHERE `elementary_id` = 21  [ RunTime:0.0002s ]
SQL: SELECT COUNT(*) AS tp_count FROM `nav_datalist` WHERE `elementary_id` = 21 LIMIT 1   [ RunTime:0.0002s ]
SQL: SELECT * FROM `nav_datalist` WHERE `elementary_id` = 22  [ RunTime:0.0002s ]
SQL: SELECT COUNT(*) AS tp_count FROM `nav_datalist` WHERE `elementary_id` = 22 LIMIT 1   [ RunTime:0.0001s ]
SQL: SELECT * FROM `nav_datalist` WHERE `elementary_id` = 20  [ RunTime:0.0002s ]
SQL: SELECT COUNT(*) AS tp_count FROM `nav_datalist` WHERE `elementary_id` = 20 LIMIT 1   [ RunTime:0.0006s ]
SQL: SELECT * FROM `nav_datalist` WHERE `elementary_id` = 23  [ RunTime:0.0002s ]
SQL: SELECT COUNT(*) AS tp_count FROM `nav_datalist` WHERE `elementary_id` = 23 LIMIT 1   [ RunTime:0.0002s ]
SQL: SELECT * FROM `nav_datalist` WHERE `elementary_id` = 27  [ RunTime:0.0002s ]
SQL: SELECT COUNT(*) AS tp_count FROM `nav_datalist` WHERE `elementary_id` = 27 LIMIT 1   [ RunTime:0.0001s ]
INFO: [ view_parse ] --START--
INFO: [ template_filter ] --START--
INFO: Run Behavior\ContentReplaceBehavior [ RunTime:0.000029s ]
INFO: [ template_filter ] --END-- [ RunTime:0.000046s ]
INFO: Run Behavior\ParseTemplateBehavior [ RunTime:0.007806s ]
INFO: [ view_parse ] --END-- [ RunTime:0.007993s ]
INFO: [ view_filter ] --START--
INFO: Run Behavior\WriteHtmlCacheBehavior [ RunTime:0.000188s ]
INFO: [ view_filter ] --END-- [ RunTime:0.000200s ]
INFO: [ app_end ] --START--
INFO: Run Behavior\ShowPageTraceBehavior [ RunTime:0.000300s ]
INFO: [ app_end ] --END-- [ RunTime:0.000314s ]

[ 2020-04-14T13:44:44+08:00 ] 127.0.0.1 /index.php/Home/Index/more/middle_id/favicon.ico
INFO: [ app_init ] --START--
INFO: Run Behavior\BuildLiteBehavior [ RunTime:0.000004s ]
INFO: [ app_init ] --END-- [ RunTime:0.000216s ]

